$adapt
[1] 20

$codon_table
[1] 1

$dEta
NULL

$dM
NULL

$development
[1] FALSE

$div
[1] 0

$est_csp
[1] TRUE

$est_hyp
[1] TRUE

$est_mix
[1] FALSE

$est_phi
[1] TRUE

$fix_dEta
[1] FALSE

$fix_dM
[1] FALSE

$init_sphi
NULL

$input
[1] "fasta/revisit_cds_data/ogataea_polymorpha.max.cds"

$max_num_runs
[1] 2

$mixture_assignment
NULL

$obs_phi
NULL

$output
[1] "Results/ConstMut/ogataea_polymorpha"

$phi
NULL

$prior_from_gc
NULL

$restart_file
NULL

$samp
[1] 1000

$thin
[1] 5

$threads
[1] 8

$with_phi
[1] FALSE

Loading required package: Rcpp
Loading required package: VGAM
Loading required package: stats4
Loading required package: splines
Loading required package: mvtnorm
WARNING: Gene: genemark-scaffold_2-processed-gene-13.100-mRNA-1 has sequence length NOT multiple of 3!
Gene data is NOT processed!
Valid characters are A,C,T,G

WARNING: Gene: genemark-scaffold_3-processed-gene-6.84-mRNA-1 has sequence length NOT multiple of 3!
Gene data is NOT processed!
Valid characters are A,C,T,G

WARNING: Gene: augustus_masked-scaffold_3-processed-gene-12.192-mRNA-1 has sequence length NOT multiple of 3!
Gene data is NOT processed!
Valid characters are A,C,T,G

WARNING: Gene: augustus_masked-scaffold_4-processed-gene-7.47-mRNA-1 has sequence length NOT multiple of 3!
Gene data is NOT processed!
Valid characters are A,C,T,G

WARNING: Gene: genemark-scaffold_7-processed-gene-7.59-mRNA-1 has sequence length NOT multiple of 3!
Gene data is NOT processed!
Valid characters are A,C,T,G

Warning message:
In dir.create(directory) :
  'Results/ConstMut/ogataea_polymorpha' already exists
Allowing divergence from initial conditions for 0 iterations.

maxGrouping: 22
Type: 
Starting MCMC
	Estimate Codon Specific Parameters? TRUE 
	Estimate Hyper Parameters? TRUE 
	Estimate Synthesis rates? TRUE 
	Starting MCMC with 5000 iterations
	Adapting will stop after 2500 steps
Begin saving restart file(s) at sample (iteration): 20 (100)
Begin writing restart file
End writing restart file
Status at thinned sample (iteration): 20 (100)
	 current logPosterior: -2.59055e+06 
	 current logLikelihood: -2.58724e+06
	 current stdDevSynthesisRate estimate for selection category 0: 1.49184
	 current stdDevSynthesisRate proposal width: 0.1
	 current Mixture element probability for element 0: 1
Acceptance rates for Codon Specific Parameters
Target range: 0.175-0.375 
Adjustment range: < 0.225 or > 0.325 
	AA	Acc.Rat
	A:	0.14
	C:	0.18
	D:	0.13
	E:	0.11
	F:	0.09
	G:	0.14
	H:	0.1
	I:	0.09
	K:	0.09
	L:	0.14
	N:	0.11
	P:	0.14
	Q:	0.21
	R:	0.12
	S:	0.18
	T:	0.09
	V:	0.14
	Y:	0.07
	Z:	0.17
Acceptance rate for synthesis rate:
Target range: 0.225-0.325 
Adjustment range: < 0.225 or > 0.325 
	 acceptance rates below lower target of 0.225: 0
	 acceptance rate above upper target of 0.325: 4288
Begin saving restart file(s) at sample (iteration): 40 (200)
Begin writing restart file
End writing restart file
Status at thinned sample (iteration): 40 (200)
	 current logPosterior: -2.58236e+06 
	 current logLikelihood: -2.57828e+06
	 current stdDevSynthesisRate estimate for selection category 0: 1.46689
	 current stdDevSynthesisRate proposal width: 0.08
	 current Mixture element probability for element 0: 1
Acceptance rates for Codon Specific Parameters
Target range: 0.175-0.375 
Adjustment range: < 0.225 or > 0.325 
	AA	Acc.Rat
	A:	0.15
	C:	0.04
	D:	0.04
	E:	0.06
	F:	0.09
	G:	0.08
	H:	0.15
	I:	0.03
	K:	0.08
	L:	0.1
	N:	0.08
	P:	0.04
	Q:	0.04
	R:	0.06
	S:	0.05
	T:	0.07
	V:	0.03
	Y:	0.1
	Z:	0.09
Acceptance rate for synthesis rate:
Target range: 0.225-0.325 
Adjustment range: < 0.225 or > 0.325 
	 acceptance rates below lower target of 0.225: 0
	 acceptance rate above upper target of 0.325: 4279
Begin saving restart file(s) at sample (iteration): 60 (300)
Begin writing restart file
End writing restart file
Status at thinned sample (iteration): 60 (300)
	 current logPosterior: -2.57999e+06 
	 current logLikelihood: -2.57543e+06
	 current stdDevSynthesisRate estimate for selection category 0: 1.35875
	 current stdDevSynthesisRate proposal width: 0.064
	 current Mixture element probability for element 0: 1
Acceptance rates for Codon Specific Parameters
Target range: 0.175-0.375 
Adjustment range: < 0.225 or > 0.325 
	AA	Acc.Rat
	A:	0.09
	C:	0.16
	D:	0.12
	E:	0.06
	F:	0.07
	G:	0.12
	H:	0.12
	I:	0.03
	K:	0.07
	L:	0.03
	N:	0.2
	P:	0.05
	Q:	0.05
	R:	0.06
	S:	0.05
	T:	0.02
	V:	0.05
	Y:	0.11
	Z:	0.23
Acceptance rate for synthesis rate:
Target range: 0.225-0.325 
Adjustment range: < 0.225 or > 0.325 
	 acceptance rates below lower target of 0.225: 8
	 acceptance rate above upper target of 0.325: 4211
Begin saving restart file(s) at sample (iteration): 80 (400)
Begin writing restart file
End writing restart file
Status at thinned sample (iteration): 80 (400)
	 current logPosterior: -2.57918e+06 
	 current logLikelihood: -2.57438e+06
	 current stdDevSynthesisRate estimate for selection category 0: 1.13017
	 current stdDevSynthesisRate proposal width: 0.0512
	 current Mixture element probability for element 0: 1
Acceptance rates for Codon Specific Parameters
Target range: 0.175-0.375 
Adjustment range: < 0.225 or > 0.325 
	AA	Acc.Rat
	A:	0.05
	C:	0.27
	D:	0.12
	E:	0.1
	F:	0.12
	G:	0.02
	H:	0.25
	I:	0.06
	K:	0.09
	L:	0.07
	N:	0.12
	P:	0.05
	Q:	0.06
	R:	0
	S:	0.04
	T:	0.08
	V:	0.04
	Y:	0.19
	Z:	0.19
Acceptance rate for synthesis rate:
Target range: 0.225-0.325 
Adjustment range: < 0.225 or > 0.325 
	 acceptance rates below lower target of 0.225: 44
	 acceptance rate above upper target of 0.325: 4016
Begin saving restart file(s) at sample (iteration): 100 (500)
Begin writing restart file
End writing restart file
Status at thinned sample (iteration): 100 (500)
	 current logPosterior: -2.57834e+06 
	 current logLikelihood: -2.57374e+06
	 current stdDevSynthesisRate estimate for selection category 0: 0.922348
	 current stdDevSynthesisRate proposal width: 0.0512
	 current Mixture element probability for element 0: 1
Acceptance rates for Codon Specific Parameters
Target range: 0.175-0.375 
Adjustment range: < 0.225 or > 0.325 
	AA	Acc.Rat
	A:	0.03
	C:	0.31
	D:	0.13
	E:	0.13
	F:	0.2
	G:	0.04
	H:	0.18
	I:	0.06
	K:	0.14
	L:	0.06
	N:	0.17
	P:	0.06
	Q:	0.2
	R:	0.07
	S:	0.09
	T:	0.04
	V:	0.09
	Y:	0.29
	Z:	0.19
Acceptance rate for synthesis rate:
Target range: 0.225-0.325 
Adjustment range: < 0.225 or > 0.325 
	 acceptance rates below lower target of 0.225: 103
	 acceptance rate above upper target of 0.325: 3654
Begin saving restart file(s) at sample (iteration): 120 (600)
Begin writing restart file
End writing restart file
Status at thinned sample (iteration): 120 (600)
	 current logPosterior: -2.5781e+06 
	 current logLikelihood: -2.57361e+06
	 current stdDevSynthesisRate estimate for selection category 0: 0.814776
	 current stdDevSynthesisRate proposal width: 0.0512
	 current Mixture element probability for element 0: 1
Acceptance rates for Codon Specific Parameters
Target range: 0.175-0.375 
Adjustment range: < 0.225 or > 0.325 
	AA	Acc.Rat
	A:	0.04
	C:	0.2
	D:	0.18
	E:	0.14
	F:	0.33
	G:	0.07
	H:	0.19
	I:	0.11
	K:	0.2
	L:	0.07
	N:	0.35
	P:	0.13
	Q:	0.15
	R:	0.02
	S:	0.05
	T:	0.06
	V:	0.05
	Y:	0.17
	Z:	0.23
Acceptance rate for synthesis rate:
Target range: 0.225-0.325 
Adjustment range: < 0.225 or > 0.325 
	 acceptance rates below lower target of 0.225: 224
	 acceptance rate above upper target of 0.325: 3135
Begin saving restart file(s) at sample (iteration): 140 (700)
Begin writing restart file
End writing restart file
Status at thinned sample (iteration): 140 (700)
	 current logPosterior: -2.57782e+06 
	 current logLikelihood: -2.57336e+06
	 current stdDevSynthesisRate estimate for selection category 0: 0.746698
	 current stdDevSynthesisRate proposal width: 0.0512
	 current Mixture element probability for element 0: 1
Acceptance rates for Codon Specific Parameters
Target range: 0.175-0.375 
Adjustment range: < 0.225 or > 0.325 
	AA	Acc.Rat
	A:	0.06
	C:	0.33
	D:	0.2
	E:	0.31
	F:	0.37
	G:	0.03
	H:	0.18
	I:	0.16
	K:	0.22
	L:	0.06
	N:	0.27
	P:	0.12
	Q:	0.21
	R:	0.07
	S:	0.08
	T:	0.11
	V:	0.1
	Y:	0.34
	Z:	0.28
Acceptance rate for synthesis rate:
Target range: 0.225-0.325 
Adjustment range: < 0.225 or > 0.325 
	 acceptance rates below lower target of 0.225: 386
	 acceptance rate above upper target of 0.325: 2611
Begin saving restart file(s) at sample (iteration): 160 (800)
Begin writing restart file
End writing restart file
Status at thinned sample (iteration): 160 (800)
	 current logPosterior: -2.57755e+06 
	 current logLikelihood: -2.57321e+06
	 current stdDevSynthesisRate estimate for selection category 0: 0.697811
	 current stdDevSynthesisRate proposal width: 0.04096
	 current Mixture element probability for element 0: 1
Acceptance rates for Codon Specific Parameters
Target range: 0.175-0.375 
Adjustment range: < 0.225 or > 0.325 
	AA	Acc.Rat
	A:	0.03
	C:	0.42
	D:	0.23
	E:	0.36
	F:	0.45
	G:	0.12
	H:	0.37
	I:	0.28
	K:	0.36
	L:	0.09
	N:	0.27
	P:	0.07
	Q:	0.2
	R:	0.13
	S:	0.21
	T:	0.08
	V:	0.14
	Y:	0.37
	Z:	0.27
Acceptance rate for synthesis rate:
Target range: 0.225-0.325 
Adjustment range: < 0.225 or > 0.325 
	 acceptance rates below lower target of 0.225: 563
	 acceptance rate above upper target of 0.325: 2095
Begin saving restart file(s) at sample (iteration): 180 (900)
Begin writing restart file
End writing restart file
Status at thinned sample (iteration): 180 (900)
	 current logPosterior: -2.57739e+06 
	 current logLikelihood: -2.5731e+06
	 current stdDevSynthesisRate estimate for selection category 0: 0.690215
	 current stdDevSynthesisRate proposal width: 0.04096
	 current Mixture element probability for element 0: 1
Acceptance rates for Codon Specific Parameters
Target range: 0.175-0.375 
Adjustment range: < 0.225 or > 0.325 
	AA	Acc.Rat
	A:	0.16
	C:	0.32
	D:	0.25
	E:	0.27
	F:	0.38
	G:	0.19
	H:	0.38
	I:	0.25
	K:	0.41
	L:	0.07
	N:	0.36
	P:	0.12
	Q:	0.29
	R:	0.07
	S:	0.14
	T:	0.11
	V:	0.27
	Y:	0.42
	Z:	0.17
Acceptance rate for synthesis rate:
Target range: 0.225-0.325 
Adjustment range: < 0.225 or > 0.325 
	 acceptance rates below lower target of 0.225: 690
	 acceptance rate above upper target of 0.325: 1570
Begin saving restart file(s) at sample (iteration): 200 (1000)
Begin writing restart file
End writing restart file
Status at thinned sample (iteration): 200 (1000)
	 current logPosterior: -2.57722e+06 
	 current logLikelihood: -2.57302e+06
	 current stdDevSynthesisRate estimate for selection category 0: 0.66458
	 current stdDevSynthesisRate proposal width: 0.04096
	 current Mixture element probability for element 0: 1
Acceptance rates for Codon Specific Parameters
Target range: 0.175-0.375 
Adjustment range: < 0.225 or > 0.325 
	AA	Acc.Rat
	A:	0.16
	C:	0.36
	D:	0.26
	E:	0.28
	F:	0.36
	G:	0.1
	H:	0.32
	I:	0.31
	K:	0.35
	L:	0.1
	N:	0.36
	P:	0.22
	Q:	0.31
	R:	0.09
	S:	0.19
	T:	0.19
	V:	0.16
	Y:	0.43
	Z:	0.34
Acceptance rate for synthesis rate:
Target range: 0.225-0.325 
Adjustment range: < 0.225 or > 0.325 
	 acceptance rates below lower target of 0.225: 823
	 acceptance rate above upper target of 0.325: 1157
Begin saving restart file(s) at sample (iteration): 220 (1100)
Begin writing restart file
End writing restart file
Status at thinned sample (iteration): 220 (1100)
	 current logPosterior: -2.57724e+06 
	 current logLikelihood: -2.57306e+06
	 current stdDevSynthesisRate estimate for selection category 0: 0.630762
	 current stdDevSynthesisRate proposal width: 0.04096
	 current Mixture element probability for element 0: 1
Acceptance rates for Codon Specific Parameters
Target range: 0.175-0.375 
Adjustment range: < 0.225 or > 0.325 
	AA	Acc.Rat
	A:	0.17
	C:	0.46
	D:	0.15
	E:	0.2
	F:	0.37
	G:	0.14
	H:	0.49
	I:	0.24
	K:	0.43
	L:	0.16
	N:	0.43
	P:	0.17
	Q:	0.27
	R:	0.16
	S:	0.23
	T:	0.24
	V:	0.25
	Y:	0.34
	Z:	0.43
Acceptance rate for synthesis rate:
Target range: 0.225-0.325 
Adjustment range: < 0.225 or > 0.325 
	 acceptance rates below lower target of 0.225: 995
	 acceptance rate above upper target of 0.325: 807
Begin saving restart file(s) at sample (iteration): 240 (1200)
Begin writing restart file
End writing restart file
Status at thinned sample (iteration): 240 (1200)
	 current logPosterior: -2.57713e+06 
	 current logLikelihood: -2.57305e+06
	 current stdDevSynthesisRate estimate for selection category 0: 0.625169
	 current stdDevSynthesisRate proposal width: 0.04096
	 current Mixture element probability for element 0: 1
Acceptance rates for Codon Specific Parameters
Target range: 0.175-0.375 
Adjustment range: < 0.225 or > 0.325 
	AA	Acc.Rat
	A:	0.27
	C:	0.46
	D:	0.29
	E:	0.39
	F:	0.48
	G:	0.16
	H:	0.32
	I:	0.3
	K:	0.38
	L:	0.25
	N:	0.34
	P:	0.28
	Q:	0.24
	R:	0.23
	S:	0.16
	T:	0.19
	V:	0.27
	Y:	0.4
	Z:	0.42
Acceptance rate for synthesis rate:
Target range: 0.225-0.325 
Adjustment range: < 0.225 or > 0.325 
	 acceptance rates below lower target of 0.225: 1099
	 acceptance rate above upper target of 0.325: 663
Begin saving restart file(s) at sample (iteration): 260 (1300)
Begin writing restart file
End writing restart file
Status at thinned sample (iteration): 260 (1300)
	 current logPosterior: -2.57708e+06 
	 current logLikelihood: -2.57306e+06
	 current stdDevSynthesisRate estimate for selection category 0: 0.626362
	 current stdDevSynthesisRate proposal width: 0.049152
	 current Mixture element probability for element 0: 1
Acceptance rates for Codon Specific Parameters
Target range: 0.175-0.375 
Adjustment range: < 0.225 or > 0.325 
	AA	Acc.Rat
	A:	0.27
	C:	0.46
	D:	0.34
	E:	0.3
	F:	0.38
	G:	0.26
	H:	0.35
	I:	0.23
	K:	0.48
	L:	0.21
	N:	0.41
	P:	0.26
	Q:	0.26
	R:	0.23
	S:	0.17
	T:	0.2
	V:	0.23
	Y:	0.49
	Z:	0.38
Acceptance rate for synthesis rate:
Target range: 0.225-0.325 
Adjustment range: < 0.225 or > 0.325 
	 acceptance rates below lower target of 0.225: 1052
	 acceptance rate above upper target of 0.325: 684
Begin saving restart file(s) at sample (iteration): 280 (1400)
Begin writing restart file
End writing restart file
Status at thinned sample (iteration): 280 (1400)
	 current logPosterior: -2.57699e+06 
	 current logLikelihood: -2.57303e+06
	 current stdDevSynthesisRate estimate for selection category 0: 0.601354
	 current stdDevSynthesisRate proposal width: 0.0393216
	 current Mixture element probability for element 0: 1
Acceptance rates for Codon Specific Parameters
Target range: 0.175-0.375 
Adjustment range: < 0.225 or > 0.325 
	AA	Acc.Rat
	A:	0.3
	C:	0.49
	D:	0.32
	E:	0.38
	F:	0.38
	G:	0.27
	H:	0.48
	I:	0.33
	K:	0.37
	L:	0.15
	N:	0.5
	P:	0.19
	Q:	0.28
	R:	0.22
	S:	0.34
	T:	0.26
	V:	0.21
	Y:	0.39
	Z:	0.38
Acceptance rate for synthesis rate:
Target range: 0.225-0.325 
Adjustment range: < 0.225 or > 0.325 
	 acceptance rates below lower target of 0.225: 1089
	 acceptance rate above upper target of 0.325: 652
Begin saving restart file(s) at sample (iteration): 300 (1500)
Begin writing restart file
End writing restart file
Status at thinned sample (iteration): 300 (1500)
	 current logPosterior: -2.57696e+06 
	 current logLikelihood: -2.57302e+06
	 current stdDevSynthesisRate estimate for selection category 0: 0.602614
	 current stdDevSynthesisRate proposal width: 0.0471859
	 current Mixture element probability for element 0: 1
Acceptance rates for Codon Specific Parameters
Target range: 0.175-0.375 
Adjustment range: < 0.225 or > 0.325 
	AA	Acc.Rat
	A:	0.19
	C:	0.33
	D:	0.43
	E:	0.32
	F:	0.44
	G:	0.26
	H:	0.45
	I:	0.38
	K:	0.36
	L:	0.08
	N:	0.26
	P:	0.33
	Q:	0.35
	R:	0.25
	S:	0.31
	T:	0.19
	V:	0.28
	Y:	0.37
	Z:	0.4
Acceptance rate for synthesis rate:
Target range: 0.225-0.325 
Adjustment range: < 0.225 or > 0.325 
	 acceptance rates below lower target of 0.225: 1030
	 acceptance rate above upper target of 0.325: 668
Begin saving restart file(s) at sample (iteration): 320 (1600)
Begin writing restart file
End writing restart file
Status at thinned sample (iteration): 320 (1600)
	 current logPosterior: -2.57688e+06 
	 current logLikelihood: -2.57301e+06
	 current stdDevSynthesisRate estimate for selection category 0: 0.602449
	 current stdDevSynthesisRate proposal width: 0.0471859
	 current Mixture element probability for element 0: 1
Acceptance rates for Codon Specific Parameters
Target range: 0.175-0.375 
Adjustment range: < 0.225 or > 0.325 
	AA	Acc.Rat
	A:	0.18
	C:	0.49
	D:	0.38
	E:	0.33
	F:	0.39
	G:	0.25
	H:	0.48
	I:	0.23
	K:	0.37
	L:	0.25
	N:	0.41
	P:	0.29
	Q:	0.28
	R:	0.24
	S:	0.39
	T:	0.24
	V:	0.26
	Y:	0.37
	Z:	0.42
Acceptance rate for synthesis rate:
Target range: 0.225-0.325 
Adjustment range: < 0.225 or > 0.325 
	 acceptance rates below lower target of 0.225: 936
	 acceptance rate above upper target of 0.325: 716
Begin saving restart file(s) at sample (iteration): 340 (1700)
Begin writing restart file
End writing restart file
Status at thinned sample (iteration): 340 (1700)
	 current logPosterior: -2.57693e+06 
	 current logLikelihood: -2.57302e+06
	 current stdDevSynthesisRate estimate for selection category 0: 0.614325
	 current stdDevSynthesisRate proposal width: 0.0471859
	 current Mixture element probability for element 0: 1
Acceptance rates for Codon Specific Parameters
Target range: 0.175-0.375 
Adjustment range: < 0.225 or > 0.325 
	AA	Acc.Rat
	A:	0.32
	C:	0.39
	D:	0.38
	E:	0.38
	F:	0.37
	G:	0.3
	H:	0.36
	I:	0.28
	K:	0.4
	L:	0.27
	N:	0.32
	P:	0.23
	Q:	0.36
	R:	0.21
	S:	0.27
	T:	0.3
	V:	0.24
	Y:	0.44
	Z:	0.44
Acceptance rate for synthesis rate:
Target range: 0.225-0.325 
Adjustment range: < 0.225 or > 0.325 
	 acceptance rates below lower target of 0.225: 964
	 acceptance rate above upper target of 0.325: 685
Begin saving restart file(s) at sample (iteration): 360 (1800)
Begin writing restart file
End writing restart file
Status at thinned sample (iteration): 360 (1800)
	 current logPosterior: -2.57679e+06 
	 current logLikelihood: -2.57297e+06
	 current stdDevSynthesisRate estimate for selection category 0: 0.613201
	 current stdDevSynthesisRate proposal width: 0.0566231
	 current Mixture element probability for element 0: 1
Acceptance rates for Codon Specific Parameters
Target range: 0.175-0.375 
Adjustment range: < 0.225 or > 0.325 
	AA	Acc.Rat
	A:	0.32
	C:	0.42
	D:	0.46
	E:	0.29
	F:	0.45
	G:	0.26
	H:	0.47
	I:	0.26
	K:	0.42
	L:	0.18
	N:	0.35
	P:	0.26
	Q:	0.31
	R:	0.28
	S:	0.16
	T:	0.3
	V:	0.19
	Y:	0.5
	Z:	0.4
Acceptance rate for synthesis rate:
Target range: 0.225-0.325 
Adjustment range: < 0.225 or > 0.325 
	 acceptance rates below lower target of 0.225: 912
	 acceptance rate above upper target of 0.325: 768
Begin saving restart file(s) at sample (iteration): 380 (1900)
Begin writing restart file
End writing restart file
Status at thinned sample (iteration): 380 (1900)
	 current logPosterior: -2.57683e+06 
	 current logLikelihood: -2.57303e+06
	 current stdDevSynthesisRate estimate for selection category 0: 0.591695
	 current stdDevSynthesisRate proposal width: 0.0566231
	 current Mixture element probability for element 0: 1
Acceptance rates for Codon Specific Parameters
Target range: 0.175-0.375 
Adjustment range: < 0.225 or > 0.325 
	AA	Acc.Rat
	A:	0.26
	C:	0.49
	D:	0.47
	E:	0.39
	F:	0.46
	G:	0.2
	H:	0.41
	I:	0.25
	K:	0.36
	L:	0.34
	N:	0.45
	P:	0.23
	Q:	0.3
	R:	0.21
	S:	0.31
	T:	0.21
	V:	0.23
	Y:	0.41
	Z:	0.41
Acceptance rate for synthesis rate:
Target range: 0.225-0.325 
Adjustment range: < 0.225 or > 0.325 
	 acceptance rates below lower target of 0.225: 1006
	 acceptance rate above upper target of 0.325: 676
Begin saving restart file(s) at sample (iteration): 400 (2000)
Begin writing restart file
End writing restart file
Status at thinned sample (iteration): 400 (2000)
	 current logPosterior: -2.5767e+06 
	 current logLikelihood: -2.57294e+06
	 current stdDevSynthesisRate estimate for selection category 0: 0.602185
	 current stdDevSynthesisRate proposal width: 0.0566231
	 current Mixture element probability for element 0: 1
Acceptance rates for Codon Specific Parameters
Target range: 0.175-0.375 
Adjustment range: < 0.225 or > 0.325 
	AA	Acc.Rat
	A:	0.23
	C:	0.31
	D:	0.46
	E:	0.27
	F:	0.46
	G:	0.27
	H:	0.41
	I:	0.22
	K:	0.39
	L:	0.1
	N:	0.44
	P:	0.27
	Q:	0.26
	R:	0.17
	S:	0.25
	T:	0.37
	V:	0.23
	Y:	0.38
	Z:	0.31
Acceptance rate for synthesis rate:
Target range: 0.225-0.325 
Adjustment range: < 0.225 or > 0.325 
	 acceptance rates below lower target of 0.225: 945
	 acceptance rate above upper target of 0.325: 732
Begin saving restart file(s) at sample (iteration): 420 (2100)
Begin writing restart file
End writing restart file
Status at thinned sample (iteration): 420 (2100)
	 current logPosterior: -2.57668e+06 
	 current logLikelihood: -2.57297e+06
	 current stdDevSynthesisRate estimate for selection category 0: 0.59034
	 current stdDevSynthesisRate proposal width: 0.0566231
	 current Mixture element probability for element 0: 1
Acceptance rates for Codon Specific Parameters
Target range: 0.175-0.375 
Adjustment range: < 0.225 or > 0.325 
	AA	Acc.Rat
	A:	0.24
	C:	0.37
	D:	0.39
	E:	0.27
	F:	0.45
	G:	0.33
	H:	0.42
	I:	0.23
	K:	0.44
	L:	0.23
	N:	0.37
	P:	0.33
	Q:	0.41
	R:	0.25
	S:	0.3
	T:	0.18
	V:	0.23
	Y:	0.36
	Z:	0.43
Acceptance rate for synthesis rate:
Target range: 0.225-0.325 
Adjustment range: < 0.225 or > 0.325 
	 acceptance rates below lower target of 0.225: 973
	 acceptance rate above upper target of 0.325: 701
Begin saving restart file(s) at sample (iteration): 440 (2200)
Begin writing restart file
End writing restart file
Status at thinned sample (iteration): 440 (2200)
	 current logPosterior: -2.57668e+06 
	 current logLikelihood: -2.573e+06
	 current stdDevSynthesisRate estimate for selection category 0: 0.572528
	 current stdDevSynthesisRate proposal width: 0.0566231
	 current Mixture element probability for element 0: 1
Acceptance rates for Codon Specific Parameters
Target range: 0.175-0.375 
Adjustment range: < 0.225 or > 0.325 
	AA	Acc.Rat
	A:	0.24
	C:	0.42
	D:	0.34
	E:	0.28
	F:	0.41
	G:	0.28
	H:	0.37
	I:	0.28
	K:	0.47
	L:	0.12
	N:	0.36
	P:	0.19
	Q:	0.39
	R:	0.3
	S:	0.33
	T:	0.16
	V:	0.28
	Y:	0.41
	Z:	0.44
Acceptance rate for synthesis rate:
Target range: 0.225-0.325 
Adjustment range: < 0.225 or > 0.325 
	 acceptance rates below lower target of 0.225: 961
	 acceptance rate above upper target of 0.325: 737
Begin saving restart file(s) at sample (iteration): 460 (2300)
Begin writing restart file
End writing restart file
Status at thinned sample (iteration): 460 (2300)
	 current logPosterior: -2.57654e+06 
	 current logLikelihood: -2.57293e+06
	 current stdDevSynthesisRate estimate for selection category 0: 0.581881
	 current stdDevSynthesisRate proposal width: 0.0566231
	 current Mixture element probability for element 0: 1
Acceptance rates for Codon Specific Parameters
Target range: 0.175-0.375 
Adjustment range: < 0.225 or > 0.325 
	AA	Acc.Rat
	A:	0.19
	C:	0.41
	D:	0.43
	E:	0.27
	F:	0.49
	G:	0.26
	H:	0.49
	I:	0.24
	K:	0.47
	L:	0.29
	N:	0.43
	P:	0.26
	Q:	0.34
	R:	0.23
	S:	0.23
	T:	0.17
	V:	0.26
	Y:	0.5
	Z:	0.34
Acceptance rate for synthesis rate:
Target range: 0.225-0.325 
Adjustment range: < 0.225 or > 0.325 
	 acceptance rates below lower target of 0.225: 953
	 acceptance rate above upper target of 0.325: 690
Begin saving restart file(s) at sample (iteration): 480 (2400)
Begin writing restart file
End writing restart file
Status at thinned sample (iteration): 480 (2400)
	 current logPosterior: -2.57654e+06 
	 current logLikelihood: -2.573e+06
	 current stdDevSynthesisRate estimate for selection category 0: 0.560764
	 current stdDevSynthesisRate proposal width: 0.0566231
	 current Mixture element probability for element 0: 1
Acceptance rates for Codon Specific Parameters
Target range: 0.175-0.375 
Adjustment range: < 0.225 or > 0.325 
	AA	Acc.Rat
	A:	0.27
	C:	0.36
	D:	0.44
	E:	0.26
	F:	0.41
	G:	0.38
	H:	0.43
	I:	0.33
	K:	0.37
	L:	0.32
	N:	0.4
	P:	0.32
	Q:	0.42
	R:	0.23
	S:	0.22
	T:	0.33
	V:	0.34
	Y:	0.3
	Z:	0.43
Acceptance rate for synthesis rate:
Target range: 0.225-0.325 
Adjustment range: < 0.225 or > 0.325 
	 acceptance rates below lower target of 0.225: 975
	 acceptance rate above upper target of 0.325: 713
Begin saving restart file(s) at sample (iteration): 500 (2500)
Begin writing restart file
End writing restart file
Status at thinned sample (iteration): 500 (2500)
	 current logPosterior: -2.57638e+06 
	 current logLikelihood: -2.5729e+06
	 current stdDevSynthesisRate estimate for selection category 0: 0.564249
	 current stdDevSynthesisRate proposal width: 0.0452985
	 current Mixture element probability for element 0: 1
Acceptance rates for Codon Specific Parameters
Target range: 0.175-0.375 
Adjustment range: < 0.225 or > 0.325 
	AA	Acc.Rat
	A:	0.32
	C:	0.42
	D:	0.43
	E:	0.31
	F:	0.4
	G:	0.16
	H:	0.29
	I:	0.33
	K:	0.51
	L:	0.25
	N:	0.39
	P:	0.28
	Q:	0.35
	R:	0.31
	S:	0.19
	T:	0.26
	V:	0.3
	Y:	0.46
	Z:	0.43
Acceptance rate for synthesis rate:
Target range: 0.225-0.325 
Adjustment range: < 0.225 or > 0.325 
	 acceptance rates below lower target of 0.225: 1033
	 acceptance rate above upper target of 0.325: 676
Begin saving restart file(s) at sample (iteration): 520 (2600)
Begin writing restart file
End writing restart file
Status at thinned sample (iteration): 520 (2600)
	 current logPosterior: -2.57643e+06 
	 current logLikelihood: -2.57296e+06
No longer adapting
	 current stdDevSynthesisRate estimate for selection category 0: 0.552621
	 current stdDevSynthesisRate proposal width: 0.0543582
	 current Mixture element probability for element 0: 1
Acceptance rates for Codon Specific Parameters
Target range: 0.175-0.375 
Adjustment range: < 0.225 or > 0.325 
	AA	Acc.Rat
	A:	0.26
	C:	0.37
	D:	0.39
	E:	0.34
	F:	0.31
	G:	0.21
	H:	0.33
	I:	0.21
	K:	0.55
	L:	0.21
	N:	0.35
	P:	0.3
	Q:	0.28
	R:	0.15
	S:	0.23
	T:	0.32
	V:	0.31
	Y:	0.36
	Z:	0.36
Acceptance rate for synthesis rate:
Target range: 0.225-0.325 
Adjustment range: < 0.225 or > 0.325 
	 acceptance rates below lower target of 0.225: 1005
	 acceptance rate above upper target of 0.325: 678
Begin saving restart file(s) at sample (iteration): 540 (2700)
Begin writing restart file
End writing restart file
Status at thinned sample (iteration): 540 (2700)
	 current logPosterior: -2.57633e+06 
	 current logLikelihood: -2.5729e+06
No longer adapting
	 current stdDevSynthesisRate estimate for selection category 0: 0.546708
	 current stdDevSynthesisRate proposal width: 0.0543582
	 current Mixture element probability for element 0: 1
Acceptance rates for Codon Specific Parameters
Target range: 0.175-0.375 
Adjustment range: < 0.225 or > 0.325 
	AA	Acc.Rat
	A:	0.24
	C:	0.37
	D:	0.42
	E:	0.32
	F:	0.42
	G:	0.25
	H:	0.35
	I:	0.25
	K:	0.47
	L:	0.25
	N:	0.39
	P:	0.3
	Q:	0.4
	R:	0.23
	S:	0.32
	T:	0.33
	V:	0.25
	Y:	0.38
	Z:	0.42
Acceptance rate for synthesis rate:
Target range: 0.225-0.325 
Adjustment range: < 0.225 or > 0.325 
	 acceptance rates below lower target of 0.225: 1009
	 acceptance rate above upper target of 0.325: 653
Begin saving restart file(s) at sample (iteration): 560 (2800)
Begin writing restart file
End writing restart file
Status at thinned sample (iteration): 560 (2800)
	 current logPosterior: -2.57641e+06 
	 current logLikelihood: -2.57297e+06
No longer adapting
	 current stdDevSynthesisRate estimate for selection category 0: 0.55271
	 current stdDevSynthesisRate proposal width: 0.0543582
	 current Mixture element probability for element 0: 1
Acceptance rates for Codon Specific Parameters
Target range: 0.175-0.375 
Adjustment range: < 0.225 or > 0.325 
	AA	Acc.Rat
	A:	0.24
	C:	0.51
	D:	0.35
	E:	0.24
	F:	0.41
	G:	0.34
	H:	0.27
	I:	0.21
	K:	0.41
	L:	0.37
	N:	0.45
	P:	0.27
	Q:	0.34
	R:	0.3
	S:	0.17
	T:	0.3
	V:	0.31
	Y:	0.39
	Z:	0.39
Acceptance rate for synthesis rate:
Target range: 0.225-0.325 
Adjustment range: < 0.225 or > 0.325 
	 acceptance rates below lower target of 0.225: 1069
	 acceptance rate above upper target of 0.325: 646
Begin saving restart file(s) at sample (iteration): 580 (2900)
Begin writing restart file
End writing restart file
Status at thinned sample (iteration): 580 (2900)
	 current logPosterior: -2.57633e+06 
	 current logLikelihood: -2.57295e+06
No longer adapting
	 current stdDevSynthesisRate estimate for selection category 0: 0.562906
	 current stdDevSynthesisRate proposal width: 0.0543582
	 current Mixture element probability for element 0: 1
Acceptance rates for Codon Specific Parameters
Target range: 0.175-0.375 
Adjustment range: < 0.225 or > 0.325 
	AA	Acc.Rat
	A:	0.28
	C:	0.48
	D:	0.41
	E:	0.27
	F:	0.42
	G:	0.28
	H:	0.42
	I:	0.24
	K:	0.44
	L:	0.29
	N:	0.39
	P:	0.24
	Q:	0.35
	R:	0.3
	S:	0.31
	T:	0.32
	V:	0.29
	Y:	0.42
	Z:	0.39
Acceptance rate for synthesis rate:
Target range: 0.225-0.325 
Adjustment range: < 0.225 or > 0.325 
	 acceptance rates below lower target of 0.225: 1075
	 acceptance rate above upper target of 0.325: 611
Begin saving restart file(s) at sample (iteration): 600 (3000)
Begin writing restart file
End writing restart file
Status at thinned sample (iteration): 600 (3000)
	 current logPosterior: -2.57632e+06 
	 current logLikelihood: -2.57298e+06
No longer adapting
	 current stdDevSynthesisRate estimate for selection category 0: 0.560071
	 current stdDevSynthesisRate proposal width: 0.0543582
	 current Mixture element probability for element 0: 1
Acceptance rates for Codon Specific Parameters
Target range: 0.175-0.375 
Adjustment range: < 0.225 or > 0.325 
	AA	Acc.Rat
	A:	0.32
	C:	0.54
	D:	0.46
	E:	0.35
	F:	0.43
	G:	0.29
	H:	0.34
	I:	0.27
	K:	0.44
	L:	0.32
	N:	0.43
	P:	0.24
	Q:	0.37
	R:	0.29
	S:	0.29
	T:	0.26
	V:	0.33
	Y:	0.37
	Z:	0.32
Acceptance rate for synthesis rate:
Target range: 0.225-0.325 
Adjustment range: < 0.225 or > 0.325 
	 acceptance rates below lower target of 0.225: 1034
	 acceptance rate above upper target of 0.325: 649
Begin saving restart file(s) at sample (iteration): 620 (3100)
Begin writing restart file
End writing restart file
Status at thinned sample (iteration): 620 (3100)
	 current logPosterior: -2.57627e+06 
	 current logLikelihood: -2.57296e+06
No longer adapting
	 current stdDevSynthesisRate estimate for selection category 0: 0.550045
	 current stdDevSynthesisRate proposal width: 0.0543582
	 current Mixture element probability for element 0: 1
Acceptance rates for Codon Specific Parameters
Target range: 0.175-0.375 
Adjustment range: < 0.225 or > 0.325 
	AA	Acc.Rat
	A:	0.27
	C:	0.46
	D:	0.4
	E:	0.36
	F:	0.39
	G:	0.24
	H:	0.22
	I:	0.28
	K:	0.47
	L:	0.2
	N:	0.34
	P:	0.24
	Q:	0.27
	R:	0.16
	S:	0.3
	T:	0.26
	V:	0.29
	Y:	0.34
	Z:	0.37
Acceptance rate for synthesis rate:
Target range: 0.225-0.325 
Adjustment range: < 0.225 or > 0.325 
	 acceptance rates below lower target of 0.225: 1083
	 acceptance rate above upper target of 0.325: 664
Begin saving restart file(s) at sample (iteration): 640 (3200)
Begin writing restart file
End writing restart file
Status at thinned sample (iteration): 640 (3200)
	 current logPosterior: -2.57624e+06 
	 current logLikelihood: -2.57298e+06
No longer adapting
	 current stdDevSynthesisRate estimate for selection category 0: 0.546645
	 current stdDevSynthesisRate proposal width: 0.0543582
	 current Mixture element probability for element 0: 1
Acceptance rates for Codon Specific Parameters
Target range: 0.175-0.375 
Adjustment range: < 0.225 or > 0.325 
	AA	Acc.Rat
	A:	0.24
	C:	0.4
	D:	0.4
	E:	0.34
	F:	0.35
	G:	0.22
	H:	0.28
	I:	0.32
	K:	0.47
	L:	0.33
	N:	0.38
	P:	0.21
	Q:	0.35
	R:	0.17
	S:	0.26
	T:	0.31
	V:	0.39
	Y:	0.42
	Z:	0.42
Acceptance rate for synthesis rate:
Target range: 0.225-0.325 
Adjustment range: < 0.225 or > 0.325 
	 acceptance rates below lower target of 0.225: 1126
	 acceptance rate above upper target of 0.325: 648
Begin saving restart file(s) at sample (iteration): 660 (3300)
Begin writing restart file
End writing restart file
Status at thinned sample (iteration): 660 (3300)
	 current logPosterior: -2.57614e+06 
	 current logLikelihood: -2.57289e+06
No longer adapting
	 current stdDevSynthesisRate estimate for selection category 0: 0.545423
	 current stdDevSynthesisRate proposal width: 0.0543582
	 current Mixture element probability for element 0: 1
Acceptance rates for Codon Specific Parameters
Target range: 0.175-0.375 
Adjustment range: < 0.225 or > 0.325 
	AA	Acc.Rat
	A:	0.27
	C:	0.36
	D:	0.4
	E:	0.33
	F:	0.45
	G:	0.27
	H:	0.31
	I:	0.25
	K:	0.48
	L:	0.2
	N:	0.4
	P:	0.22
	Q:	0.32
	R:	0.25
	S:	0.21
	T:	0.34
	V:	0.26
	Y:	0.43
	Z:	0.38
Acceptance rate for synthesis rate:
Target range: 0.225-0.325 
Adjustment range: < 0.225 or > 0.325 
	 acceptance rates below lower target of 0.225: 1174
	 acceptance rate above upper target of 0.325: 564
Begin saving restart file(s) at sample (iteration): 680 (3400)
Begin writing restart file
End writing restart file
Status at thinned sample (iteration): 680 (3400)
	 current logPosterior: -2.57618e+06 
	 current logLikelihood: -2.57296e+06
No longer adapting
	 current stdDevSynthesisRate estimate for selection category 0: 0.55094
	 current stdDevSynthesisRate proposal width: 0.0543582
	 current Mixture element probability for element 0: 1
Acceptance rates for Codon Specific Parameters
Target range: 0.175-0.375 
Adjustment range: < 0.225 or > 0.325 
	AA	Acc.Rat
	A:	0.3
	C:	0.42
	D:	0.41
	E:	0.38
	F:	0.3
	G:	0.3
	H:	0.35
	I:	0.34
	K:	0.42
	L:	0.16
	N:	0.32
	P:	0.31
	Q:	0.35
	R:	0.16
	S:	0.31
	T:	0.33
	V:	0.3
	Y:	0.33
	Z:	0.34
Acceptance rate for synthesis rate:
Target range: 0.225-0.325 
Adjustment range: < 0.225 or > 0.325 
	 acceptance rates below lower target of 0.225: 1233
	 acceptance rate above upper target of 0.325: 565
Begin saving restart file(s) at sample (iteration): 700 (3500)
Begin writing restart file
End writing restart file
Status at thinned sample (iteration): 700 (3500)
	 current logPosterior: -2.57615e+06 
	 current logLikelihood: -2.57291e+06
No longer adapting
	 current stdDevSynthesisRate estimate for selection category 0: 0.530093
	 current stdDevSynthesisRate proposal width: 0.0543582
	 current Mixture element probability for element 0: 1
Acceptance rates for Codon Specific Parameters
Target range: 0.175-0.375 
Adjustment range: < 0.225 or > 0.325 
	AA	Acc.Rat
	A:	0.39
	C:	0.49
	D:	0.45
	E:	0.28
	F:	0.39
	G:	0.21
	H:	0.24
	I:	0.26
	K:	0.48
	L:	0.29
	N:	0.34
	P:	0.2
	Q:	0.37
	R:	0.31
	S:	0.18
	T:	0.37
	V:	0.27
	Y:	0.36
	Z:	0.35
Acceptance rate for synthesis rate:
Target range: 0.225-0.325 
Adjustment range: < 0.225 or > 0.325 
	 acceptance rates below lower target of 0.225: 1290
	 acceptance rate above upper target of 0.325: 470
Begin saving restart file(s) at sample (iteration): 720 (3600)
Begin writing restart file
End writing restart file
Status at thinned sample (iteration): 720 (3600)
	 current logPosterior: -2.57611e+06 
	 current logLikelihood: -2.57289e+06
No longer adapting
	 current stdDevSynthesisRate estimate for selection category 0: 0.528714
	 current stdDevSynthesisRate proposal width: 0.0543582
	 current Mixture element probability for element 0: 1
Acceptance rates for Codon Specific Parameters
Target range: 0.175-0.375 
Adjustment range: < 0.225 or > 0.325 
	AA	Acc.Rat
	A:	0.3
	C:	0.43
	D:	0.36
	E:	0.33
	F:	0.39
	G:	0.21
	H:	0.41
	I:	0.21
	K:	0.42
	L:	0.26
	N:	0.38
	P:	0.24
	Q:	0.3
	R:	0.18
	S:	0.24
	T:	0.27
	V:	0.26
	Y:	0.38
	Z:	0.44
Acceptance rate for synthesis rate:
Target range: 0.225-0.325 
Adjustment range: < 0.225 or > 0.325 
	 acceptance rates below lower target of 0.225: 1309
	 acceptance rate above upper target of 0.325: 488
Begin saving restart file(s) at sample (iteration): 740 (3700)
Begin writing restart file
End writing restart file
Status at thinned sample (iteration): 740 (3700)
	 current logPosterior: -2.57617e+06 
	 current logLikelihood: -2.57298e+06
No longer adapting
	 current stdDevSynthesisRate estimate for selection category 0: 0.52942
	 current stdDevSynthesisRate proposal width: 0.0543582
	 current Mixture element probability for element 0: 1
Acceptance rates for Codon Specific Parameters
Target range: 0.175-0.375 
Adjustment range: < 0.225 or > 0.325 
	AA	Acc.Rat
	A:	0.31
	C:	0.37
	D:	0.41
	E:	0.25
	F:	0.5
	G:	0.34
	H:	0.29
	I:	0.26
	K:	0.44
	L:	0.16
	N:	0.34
	P:	0.22
	Q:	0.37
	R:	0.26
	S:	0.33
	T:	0.36
	V:	0.29
	Y:	0.38
	Z:	0.4
Acceptance rate for synthesis rate:
Target range: 0.225-0.325 
Adjustment range: < 0.225 or > 0.325 
	 acceptance rates below lower target of 0.225: 1270
	 acceptance rate above upper target of 0.325: 506
Begin saving restart file(s) at sample (iteration): 760 (3800)
Begin writing restart file
End writing restart file
Status at thinned sample (iteration): 760 (3800)
	 current logPosterior: -2.57605e+06 
	 current logLikelihood: -2.57285e+06
No longer adapting
	 current stdDevSynthesisRate estimate for selection category 0: 0.549419
	 current stdDevSynthesisRate proposal width: 0.0543582
	 current Mixture element probability for element 0: 1
Acceptance rates for Codon Specific Parameters
Target range: 0.175-0.375 
Adjustment range: < 0.225 or > 0.325 
	AA	Acc.Rat
	A:	0.26
	C:	0.5
	D:	0.38
	E:	0.31
	F:	0.39
	G:	0.26
	H:	0.3
	I:	0.2
	K:	0.49
	L:	0.21
	N:	0.38
	P:	0.28
	Q:	0.4
	R:	0.42
	S:	0.37
	T:	0.34
	V:	0.23
	Y:	0.42
	Z:	0.35
Acceptance rate for synthesis rate:
Target range: 0.225-0.325 
Adjustment range: < 0.225 or > 0.325 
	 acceptance rates below lower target of 0.225: 1260
	 acceptance rate above upper target of 0.325: 543
Begin saving restart file(s) at sample (iteration): 780 (3900)
Begin writing restart file
End writing restart file
Status at thinned sample (iteration): 780 (3900)
	 current logPosterior: -2.5762e+06 
	 current logLikelihood: -2.57297e+06
No longer adapting
	 current stdDevSynthesisRate estimate for selection category 0: 0.547997
	 current stdDevSynthesisRate proposal width: 0.0543582
	 current Mixture element probability for element 0: 1
Acceptance rates for Codon Specific Parameters
Target range: 0.175-0.375 
Adjustment range: < 0.225 or > 0.325 
	AA	Acc.Rat
	A:	0.34
	C:	0.41
	D:	0.45
	E:	0.3
	F:	0.36
	G:	0.31
	H:	0.3
	I:	0.29
	K:	0.49
	L:	0.29
	N:	0.46
	P:	0.3
	Q:	0.33
	R:	0.21
	S:	0.33
	T:	0.33
	V:	0.29
	Y:	0.42
	Z:	0.38
Acceptance rate for synthesis rate:
Target range: 0.225-0.325 
Adjustment range: < 0.225 or > 0.325 
	 acceptance rates below lower target of 0.225: 1202
	 acceptance rate above upper target of 0.325: 582
Begin saving restart file(s) at sample (iteration): 800 (4000)
Begin writing restart file
End writing restart file
Status at thinned sample (iteration): 800 (4000)
	 current logPosterior: -2.57613e+06 
	 current logLikelihood: -2.57295e+06
No longer adapting
	 current stdDevSynthesisRate estimate for selection category 0: 0.546504
	 current stdDevSynthesisRate proposal width: 0.0543582
	 current Mixture element probability for element 0: 1
Acceptance rates for Codon Specific Parameters
Target range: 0.175-0.375 
Adjustment range: < 0.225 or > 0.325 
	AA	Acc.Rat
	A:	0.22
	C:	0.37
	D:	0.46
	E:	0.25
	F:	0.42
	G:	0.22
	H:	0.36
	I:	0.25
	K:	0.54
	L:	0.22
	N:	0.39
	P:	0.33
	Q:	0.32
	R:	0.28
	S:	0.16
	T:	0.29
	V:	0.22
	Y:	0.32
	Z:	0.43
Acceptance rate for synthesis rate:
Target range: 0.225-0.325 
Adjustment range: < 0.225 or > 0.325 
	 acceptance rates below lower target of 0.225: 1219
	 acceptance rate above upper target of 0.325: 568
Begin saving restart file(s) at sample (iteration): 820 (4100)
Begin writing restart file
End writing restart file
Status at thinned sample (iteration): 820 (4100)
	 current logPosterior: -2.57602e+06 
	 current logLikelihood: -2.5729e+06
No longer adapting
	 current stdDevSynthesisRate estimate for selection category 0: 0.531503
	 current stdDevSynthesisRate proposal width: 0.0543582
	 current Mixture element probability for element 0: 1
Acceptance rates for Codon Specific Parameters
Target range: 0.175-0.375 
Adjustment range: < 0.225 or > 0.325 
	AA	Acc.Rat
	A:	0.2
	C:	0.38
	D:	0.41
	E:	0.37
	F:	0.42
	G:	0.37
	H:	0.39
	I:	0.29
	K:	0.38
	L:	0.23
	N:	0.51
	P:	0.28
	Q:	0.37
	R:	0.3
	S:	0.19
	T:	0.28
	V:	0.19
	Y:	0.31
	Z:	0.42
Acceptance rate for synthesis rate:
Target range: 0.225-0.325 
Adjustment range: < 0.225 or > 0.325 
	 acceptance rates below lower target of 0.225: 1261
	 acceptance rate above upper target of 0.325: 532
Begin saving restart file(s) at sample (iteration): 840 (4200)
Begin writing restart file
End writing restart file
Status at thinned sample (iteration): 840 (4200)
	 current logPosterior: -2.57598e+06 
	 current logLikelihood: -2.57287e+06
No longer adapting
	 current stdDevSynthesisRate estimate for selection category 0: 0.538667
	 current stdDevSynthesisRate proposal width: 0.0543582
	 current Mixture element probability for element 0: 1
Acceptance rates for Codon Specific Parameters
Target range: 0.175-0.375 
Adjustment range: < 0.225 or > 0.325 
	AA	Acc.Rat
	A:	0.39
	C:	0.42
	D:	0.43
	E:	0.21
	F:	0.41
	G:	0.38
	H:	0.33
	I:	0.32
	K:	0.45
	L:	0.24
	N:	0.4
	P:	0.23
	Q:	0.32
	R:	0.32
	S:	0.24
	T:	0.37
	V:	0.32
	Y:	0.35
	Z:	0.35
Acceptance rate for synthesis rate:
Target range: 0.225-0.325 
Adjustment range: < 0.225 or > 0.325 
	 acceptance rates below lower target of 0.225: 1356
	 acceptance rate above upper target of 0.325: 486
Begin saving restart file(s) at sample (iteration): 860 (4300)
Begin writing restart file
End writing restart file
Status at thinned sample (iteration): 860 (4300)
	 current logPosterior: -2.57611e+06 
	 current logLikelihood: -2.57302e+06
No longer adapting
	 current stdDevSynthesisRate estimate for selection category 0: 0.527362
	 current stdDevSynthesisRate proposal width: 0.0543582
	 current Mixture element probability for element 0: 1
Acceptance rates for Codon Specific Parameters
Target range: 0.175-0.375 
Adjustment range: < 0.225 or > 0.325 
	AA	Acc.Rat
	A:	0.25
	C:	0.38
	D:	0.42
	E:	0.34
	F:	0.44
	G:	0.31
	H:	0.33
	I:	0.32
	K:	0.46
	L:	0.32
	N:	0.45
	P:	0.38
	Q:	0.35
	R:	0.23
	S:	0.25
	T:	0.25
	V:	0.36
	Y:	0.46
	Z:	0.4
Acceptance rate for synthesis rate:
Target range: 0.225-0.325 
Adjustment range: < 0.225 or > 0.325 
	 acceptance rates below lower target of 0.225: 1428
	 acceptance rate above upper target of 0.325: 434
Begin saving restart file(s) at sample (iteration): 880 (4400)
Begin writing restart file
End writing restart file
Status at thinned sample (iteration): 880 (4400)
	 current logPosterior: -2.57601e+06 
	 current logLikelihood: -2.57291e+06
No longer adapting
	 current stdDevSynthesisRate estimate for selection category 0: 0.539908
	 current stdDevSynthesisRate proposal width: 0.0543582
	 current Mixture element probability for element 0: 1
Acceptance rates for Codon Specific Parameters
Target range: 0.175-0.375 
Adjustment range: < 0.225 or > 0.325 
	AA	Acc.Rat
	A:	0.19
	C:	0.43
	D:	0.38
	E:	0.33
	F:	0.34
	G:	0.31
	H:	0.29
	I:	0.23
	K:	0.53
	L:	0.29
	N:	0.37
	P:	0.29
	Q:	0.24
	R:	0.28
	S:	0.21
	T:	0.35
	V:	0.37
	Y:	0.34
	Z:	0.34
Acceptance rate for synthesis rate:
Target range: 0.225-0.325 
Adjustment range: < 0.225 or > 0.325 
	 acceptance rates below lower target of 0.225: 1371
	 acceptance rate above upper target of 0.325: 436
Begin saving restart file(s) at sample (iteration): 900 (4500)
Begin writing restart file
End writing restart file
Status at thinned sample (iteration): 900 (4500)
	 current logPosterior: -2.57595e+06 
	 current logLikelihood: -2.57288e+06
No longer adapting
	 current stdDevSynthesisRate estimate for selection category 0: 0.523444
	 current stdDevSynthesisRate proposal width: 0.0543582
	 current Mixture element probability for element 0: 1
Acceptance rates for Codon Specific Parameters
Target range: 0.175-0.375 
Adjustment range: < 0.225 or > 0.325 
	AA	Acc.Rat
	A:	0.21
	C:	0.5
	D:	0.41
	E:	0.29
	F:	0.38
	G:	0.35
	H:	0.37
	I:	0.2
	K:	0.4
	L:	0.27
	N:	0.37
	P:	0.31
	Q:	0.38
	R:	0.24
	S:	0.25
	T:	0.32
	V:	0.43
	Y:	0.42
	Z:	0.3
Acceptance rate for synthesis rate:
Target range: 0.225-0.325 
Adjustment range: < 0.225 or > 0.325 
	 acceptance rates below lower target of 0.225: 1440
	 acceptance rate above upper target of 0.325: 436
Begin saving restart file(s) at sample (iteration): 920 (4600)
Begin writing restart file
End writing restart file
Status at thinned sample (iteration): 920 (4600)
	 current logPosterior: -2.57597e+06 
	 current logLikelihood: -2.57292e+06
No longer adapting
	 current stdDevSynthesisRate estimate for selection category 0: 0.519288
	 current stdDevSynthesisRate proposal width: 0.0543582
	 current Mixture element probability for element 0: 1
Acceptance rates for Codon Specific Parameters
Target range: 0.175-0.375 
Adjustment range: < 0.225 or > 0.325 
	AA	Acc.Rat
	A:	0.35
	C:	0.44
	D:	0.38
	E:	0.36
	F:	0.37
	G:	0.28
	H:	0.36
	I:	0.28
	K:	0.45
	L:	0.26
	N:	0.39
	P:	0.36
	Q:	0.42
	R:	0.23
	S:	0.18
	T:	0.32
	V:	0.34
	Y:	0.39
	Z:	0.45
Acceptance rate for synthesis rate:
Target range: 0.225-0.325 
Adjustment range: < 0.225 or > 0.325 
	 acceptance rates below lower target of 0.225: 1528
	 acceptance rate above upper target of 0.325: 389
Begin saving restart file(s) at sample (iteration): 940 (4700)
Begin writing restart file
End writing restart file
Status at thinned sample (iteration): 940 (4700)
	 current logPosterior: -2.57585e+06 
	 current logLikelihood: -2.57285e+06
No longer adapting
	 current stdDevSynthesisRate estimate for selection category 0: 0.514456
	 current stdDevSynthesisRate proposal width: 0.0543582
	 current Mixture element probability for element 0: 1
Acceptance rates for Codon Specific Parameters
Target range: 0.175-0.375 
Adjustment range: < 0.225 or > 0.325 
	AA	Acc.Rat
	A:	0.28
	C:	0.39
	D:	0.46
	E:	0.29
	F:	0.29
	G:	0.31
	H:	0.41
	I:	0.32
	K:	0.41
	L:	0.25
	N:	0.44
	P:	0.28
	Q:	0.31
	R:	0.23
	S:	0.31
	T:	0.25
	V:	0.31
	Y:	0.26
	Z:	0.38
Acceptance rate for synthesis rate:
Target range: 0.225-0.325 
Adjustment range: < 0.225 or > 0.325 
	 acceptance rates below lower target of 0.225: 1557
	 acceptance rate above upper target of 0.325: 388
Begin saving restart file(s) at sample (iteration): 960 (4800)
Begin writing restart file
End writing restart file
Status at thinned sample (iteration): 960 (4800)
	 current logPosterior: -2.57584e+06 
	 current logLikelihood: -2.57291e+06
No longer adapting
	 current stdDevSynthesisRate estimate for selection category 0: 0.497967
	 current stdDevSynthesisRate proposal width: 0.0543582
	 current Mixture element probability for element 0: 1
Acceptance rates for Codon Specific Parameters
Target range: 0.175-0.375 
Adjustment range: < 0.225 or > 0.325 
	AA	Acc.Rat
	A:	0.37
	C:	0.35
	D:	0.46
	E:	0.31
	F:	0.3
	G:	0.23
	H:	0.35
	I:	0.24
	K:	0.47
	L:	0.28
	N:	0.45
	P:	0.36
	Q:	0.28
	R:	0.2
	S:	0.27
	T:	0.4
	V:	0.21
	Y:	0.38
	Z:	0.33
Acceptance rate for synthesis rate:
Target range: 0.225-0.325 
Adjustment range: < 0.225 or > 0.325 
	 acceptance rates below lower target of 0.225: 1635
	 acceptance rate above upper target of 0.325: 358
Begin saving restart file(s) at sample (iteration): 980 (4900)
Begin writing restart file
End writing restart file
Status at thinned sample (iteration): 980 (4900)
	 current logPosterior: -2.57583e+06 
	 current logLikelihood: -2.5729e+06
No longer adapting
	 current stdDevSynthesisRate estimate for selection category 0: 0.501734
	 current stdDevSynthesisRate proposal width: 0.0543582
	 current Mixture element probability for element 0: 1
Acceptance rates for Codon Specific Parameters
Target range: 0.175-0.375 
Adjustment range: < 0.225 or > 0.325 
	AA	Acc.Rat
	A:	0.24
	C:	0.43
	D:	0.41
	E:	0.31
	F:	0.43
	G:	0.34
	H:	0.38
	I:	0.26
	K:	0.42
	L:	0.29
	N:	0.31
	P:	0.3
	Q:	0.43
	R:	0.22
	S:	0.26
	T:	0.39
	V:	0.23
	Y:	0.42
	Z:	0.37
Acceptance rate for synthesis rate:
Target range: 0.225-0.325 
Adjustment range: < 0.225 or > 0.325 
	 acceptance rates below lower target of 0.225: 1673
	 acceptance rate above upper target of 0.325: 312
Begin saving restart file(s) at sample (iteration): 1000 (5000)
Begin writing restart file
End writing restart file
Status at thinned sample (iteration): 1000 (5000)
	 current logPosterior: -2.57582e+06 
	 current logLikelihood: -2.57289e+06
No longer adapting
	 current stdDevSynthesisRate estimate for selection category 0: 0.502399
	 current stdDevSynthesisRate proposal width: 0.0543582
	 current Mixture element probability for element 0: 1
Acceptance rates for Codon Specific Parameters
Target range: 0.175-0.375 
Adjustment range: < 0.225 or > 0.325 
	AA	Acc.Rat
	A:	0.22
	C:	0.37
	D:	0.48
	E:	0.38
	F:	0.37
	G:	0.34
	H:	0.45
	I:	0.19
	K:	0.43
	L:	0.27
	N:	0.37
	P:	0.3
	Q:	0.34
	R:	0.17
	S:	0.22
	T:	0.32
	V:	0.36
	Y:	0.38
	Z:	0.47
Acceptance rate for synthesis rate:
Target range: 0.225-0.325 
Adjustment range: < 0.225 or > 0.325 
	 acceptance rates below lower target of 0.225: 1760
	 acceptance rate above upper target of 0.325: 304
##################################################
Geweke Score after 5000 iterations: 0.647296
##################################################
Stopping run based on convergence after 5000 iterations

Begin writing restart file
End writing restart file
leaving MCMC loop
Error in loadNamespace(x) : there is no package called ‘Hmisc’
Calls: plot ... loadNamespace -> withRestarts -> withOneRestart -> doWithOneRestart
In addition: There were 13 warnings (use warnings() to see them)
Execution halted
