$adapt
[1] 20

$codon_table
[1] 1

$dEta
NULL

$dM
NULL

$development
[1] FALSE

$div
[1] 0

$est_csp
[1] TRUE

$est_hyp
[1] TRUE

$est_mix
[1] FALSE

$est_phi
[1] TRUE

$fix_dEta
[1] FALSE

$fix_dM
[1] FALSE

$init_sphi
NULL

$input
[1] "fasta/revisit_cds_data/ogataea_parapolymorpha.max.cds"

$max_num_runs
[1] 2

$mixture_assignment
NULL

$obs_phi
NULL

$output
[1] "Results/ConstMut/ogataea_parapolymorpha"

$phi
NULL

$prior_from_gc
NULL

$restart_file
NULL

$samp
[1] 1000

$thin
[1] 5

$threads
[1] 8

$with_phi
[1] FALSE

Loading required package: Rcpp
Loading required package: VGAM
Loading required package: stats4
Loading required package: splines
Loading required package: mvtnorm
WARNING: Gene: genemark-NC_027861.1-processed-gene-3.101-mRNA-1 has sequence length NOT multiple of 3!
Gene data is NOT processed!
Valid characters are A,C,T,G

WARNING: Gene: genemark-NC_027862.1-processed-gene-2.178-mRNA-1 has sequence length NOT multiple of 3!
Gene data is NOT processed!
Valid characters are A,C,T,G

WARNING: Gene: augustus_masked-NC_027862.1-processed-gene-7.41-mRNA-1 has sequence length NOT multiple of 3!
Gene data is NOT processed!
Valid characters are A,C,T,G

WARNING: Gene: augustus_masked-NC_027864.1-processed-gene-6.19-mRNA-1 has sequence length NOT multiple of 3!
Gene data is NOT processed!
Valid characters are A,C,T,G

WARNING: Gene: augustus_masked-NC_027866.1-processed-gene-2.134-mRNA-1 has sequence length NOT multiple of 3!
Gene data is NOT processed!
Valid characters are A,C,T,G

Warning message:
In dir.create(directory) :
  'Results/ConstMut/ogataea_parapolymorpha' already exists
Allowing divergence from initial conditions for 0 iterations.

maxGrouping: 22
Type: 
Starting MCMC
	Estimate Codon Specific Parameters? TRUE 
	Estimate Hyper Parameters? TRUE 
	Estimate Synthesis rates? TRUE 
	Starting MCMC with 5000 iterations
	Adapting will stop after 2500 steps
Begin saving restart file(s) at sample (iteration): 20 (100)
Begin writing restart file
End writing restart file
Status at thinned sample (iteration): 20 (100)
	 current logPosterior: -2.57502e+06 
	 current logLikelihood: -2.57139e+06
	 current stdDevSynthesisRate estimate for selection category 0: 1.47626
	 current stdDevSynthesisRate proposal width: 0.1
	 current Mixture element probability for element 0: 1
Acceptance rates for Codon Specific Parameters
Target range: 0.175-0.375 
Adjustment range: < 0.225 or > 0.325 
	AA	Acc.Rat
	A:	0.15
	C:	0.16
	D:	0.12
	E:	0.15
	F:	0.1
	G:	0.13
	H:	0.11
	I:	0.1
	K:	0.08
	L:	0.11
	N:	0.1
	P:	0.17
	Q:	0.29
	R:	0.08
	S:	0.17
	T:	0.17
	V:	0.13
	Y:	0.09
	Z:	0.11
Acceptance rate for synthesis rate:
Target range: 0.225-0.325 
Adjustment range: < 0.225 or > 0.325 
	 acceptance rates below lower target of 0.225: 0
	 acceptance rate above upper target of 0.325: 4518
Begin saving restart file(s) at sample (iteration): 40 (200)
Begin writing restart file
End writing restart file
Status at thinned sample (iteration): 40 (200)
	 current logPosterior: -2.56782e+06 
	 current logLikelihood: -2.56373e+06
	 current stdDevSynthesisRate estimate for selection category 0: 1.41272
	 current stdDevSynthesisRate proposal width: 0.08
	 current Mixture element probability for element 0: 1
Acceptance rates for Codon Specific Parameters
Target range: 0.175-0.375 
Adjustment range: < 0.225 or > 0.325 
	AA	Acc.Rat
	A:	0.11
	C:	0.07
	D:	0.08
	E:	0.08
	F:	0.08
	G:	0.13
	H:	0.14
	I:	0.04
	K:	0.06
	L:	0.04
	N:	0.06
	P:	0.09
	Q:	0.05
	R:	0.15
	S:	0.06
	T:	0.05
	V:	0.11
	Y:	0.09
	Z:	0.14
Acceptance rate for synthesis rate:
Target range: 0.225-0.325 
Adjustment range: < 0.225 or > 0.325 
	 acceptance rates below lower target of 0.225: 1
	 acceptance rate above upper target of 0.325: 4509
Begin saving restart file(s) at sample (iteration): 60 (300)
Begin writing restart file
End writing restart file
Status at thinned sample (iteration): 60 (300)
	 current logPosterior: -2.56523e+06 
	 current logLikelihood: -2.5607e+06
	 current stdDevSynthesisRate estimate for selection category 0: 1.31331
	 current stdDevSynthesisRate proposal width: 0.064
	 current Mixture element probability for element 0: 1
Acceptance rates for Codon Specific Parameters
Target range: 0.175-0.375 
Adjustment range: < 0.225 or > 0.325 
	AA	Acc.Rat
	A:	0.04
	C:	0.16
	D:	0.1
	E:	0.04
	F:	0.1
	G:	0.09
	H:	0.21
	I:	0.04
	K:	0.07
	L:	0.04
	N:	0.11
	P:	0.04
	Q:	0.11
	R:	0.05
	S:	0.03
	T:	0.06
	V:	0.12
	Y:	0.14
	Z:	0.14
Acceptance rate for synthesis rate:
Target range: 0.225-0.325 
Adjustment range: < 0.225 or > 0.325 
	 acceptance rates below lower target of 0.225: 12
	 acceptance rate above upper target of 0.325: 4434
Begin saving restart file(s) at sample (iteration): 80 (400)
Begin writing restart file
End writing restart file
Status at thinned sample (iteration): 80 (400)
	 current logPosterior: -2.56371e+06 
	 current logLikelihood: -2.55905e+06
	 current stdDevSynthesisRate estimate for selection category 0: 1.0739
	 current stdDevSynthesisRate proposal width: 0.0512
	 current Mixture element probability for element 0: 1
Acceptance rates for Codon Specific Parameters
Target range: 0.175-0.375 
Adjustment range: < 0.225 or > 0.325 
	AA	Acc.Rat
	A:	0.12
	C:	0.22
	D:	0.13
	E:	0.05
	F:	0.22
	G:	0.07
	H:	0.19
	I:	0.07
	K:	0.13
	L:	0.11
	N:	0.19
	P:	0.04
	Q:	0.1
	R:	0.03
	S:	0.05
	T:	0.1
	V:	0.06
	Y:	0.22
	Z:	0.26
Acceptance rate for synthesis rate:
Target range: 0.225-0.325 
Adjustment range: < 0.225 or > 0.325 
	 acceptance rates below lower target of 0.225: 28
	 acceptance rate above upper target of 0.325: 4242
Begin saving restart file(s) at sample (iteration): 100 (500)
Begin writing restart file
End writing restart file
Status at thinned sample (iteration): 100 (500)
	 current logPosterior: -2.56295e+06 
	 current logLikelihood: -2.55845e+06
	 current stdDevSynthesisRate estimate for selection category 0: 0.857823
	 current stdDevSynthesisRate proposal width: 0.06144
	 current Mixture element probability for element 0: 1
Acceptance rates for Codon Specific Parameters
Target range: 0.175-0.375 
Adjustment range: < 0.225 or > 0.325 
	AA	Acc.Rat
	A:	0.1
	C:	0.29
	D:	0.13
	E:	0.14
	F:	0.27
	G:	0.04
	H:	0.25
	I:	0.08
	K:	0.15
	L:	0.11
	N:	0.18
	P:	0.06
	Q:	0.16
	R:	0.03
	S:	0.03
	T:	0.06
	V:	0.07
	Y:	0.21
	Z:	0.25
Acceptance rate for synthesis rate:
Target range: 0.225-0.325 
Adjustment range: < 0.225 or > 0.325 
	 acceptance rates below lower target of 0.225: 83
	 acceptance rate above upper target of 0.325: 3892
Begin saving restart file(s) at sample (iteration): 120 (600)
Begin writing restart file
End writing restart file
Status at thinned sample (iteration): 120 (600)
	 current logPosterior: -2.5625e+06 
	 current logLikelihood: -2.55813e+06
	 current stdDevSynthesisRate estimate for selection category 0: 0.726406
	 current stdDevSynthesisRate proposal width: 0.049152
	 current Mixture element probability for element 0: 1
Acceptance rates for Codon Specific Parameters
Target range: 0.175-0.375 
Adjustment range: < 0.225 or > 0.325 
	AA	Acc.Rat
	A:	0.07
	C:	0.3
	D:	0.23
	E:	0.14
	F:	0.27
	G:	0.06
	H:	0.24
	I:	0.16
	K:	0.3
	L:	0.08
	N:	0.19
	P:	0.1
	Q:	0.18
	R:	0.11
	S:	0.17
	T:	0.03
	V:	0.06
	Y:	0.24
	Z:	0.27
Acceptance rate for synthesis rate:
Target range: 0.225-0.325 
Adjustment range: < 0.225 or > 0.325 
	 acceptance rates below lower target of 0.225: 277
	 acceptance rate above upper target of 0.325: 3228
Begin saving restart file(s) at sample (iteration): 140 (700)
Begin writing restart file
End writing restart file
Status at thinned sample (iteration): 140 (700)
	 current logPosterior: -2.56229e+06 
	 current logLikelihood: -2.55801e+06
	 current stdDevSynthesisRate estimate for selection category 0: 0.668408
	 current stdDevSynthesisRate proposal width: 0.049152
	 current Mixture element probability for element 0: 1
Acceptance rates for Codon Specific Parameters
Target range: 0.175-0.375 
Adjustment range: < 0.225 or > 0.325 
	AA	Acc.Rat
	A:	0.06
	C:	0.26
	D:	0.24
	E:	0.28
	F:	0.27
	G:	0.03
	H:	0.26
	I:	0.09
	K:	0.28
	L:	0.03
	N:	0.22
	P:	0.04
	Q:	0.13
	R:	0.04
	S:	0.04
	T:	0.1
	V:	0.12
	Y:	0.2
	Z:	0.31
Acceptance rate for synthesis rate:
Target range: 0.225-0.325 
Adjustment range: < 0.225 or > 0.325 
	 acceptance rates below lower target of 0.225: 440
	 acceptance rate above upper target of 0.325: 2580
Begin saving restart file(s) at sample (iteration): 160 (800)
Begin writing restart file
End writing restart file
Status at thinned sample (iteration): 160 (800)
	 current logPosterior: -2.56216e+06 
	 current logLikelihood: -2.55782e+06
	 current stdDevSynthesisRate estimate for selection category 0: 0.659311
	 current stdDevSynthesisRate proposal width: 0.0393216
	 current Mixture element probability for element 0: 1
Acceptance rates for Codon Specific Parameters
Target range: 0.175-0.375 
Adjustment range: < 0.225 or > 0.325 
	AA	Acc.Rat
	A:	0.05
	C:	0.32
	D:	0.2
	E:	0.25
	F:	0.27
	G:	0.07
	H:	0.26
	I:	0.25
	K:	0.31
	L:	0.07
	N:	0.25
	P:	0.16
	Q:	0.32
	R:	0.04
	S:	0.14
	T:	0.06
	V:	0.15
	Y:	0.28
	Z:	0.31
Acceptance rate for synthesis rate:
Target range: 0.225-0.325 
Adjustment range: < 0.225 or > 0.325 
	 acceptance rates below lower target of 0.225: 576
	 acceptance rate above upper target of 0.325: 2093
Begin saving restart file(s) at sample (iteration): 180 (900)
Begin writing restart file
End writing restart file
Status at thinned sample (iteration): 180 (900)
	 current logPosterior: -2.56218e+06 
	 current logLikelihood: -2.55786e+06
	 current stdDevSynthesisRate estimate for selection category 0: 0.649539
	 current stdDevSynthesisRate proposal width: 0.0393216
	 current Mixture element probability for element 0: 1
Acceptance rates for Codon Specific Parameters
Target range: 0.175-0.375 
Adjustment range: < 0.225 or > 0.325 
	AA	Acc.Rat
	A:	0.03
	C:	0.28
	D:	0.22
	E:	0.28
	F:	0.22
	G:	0.12
	H:	0.29
	I:	0.17
	K:	0.27
	L:	0.01
	N:	0.31
	P:	0.21
	Q:	0.31
	R:	0.08
	S:	0.15
	T:	0.17
	V:	0.12
	Y:	0.34
	Z:	0.3
Acceptance rate for synthesis rate:
Target range: 0.225-0.325 
Adjustment range: < 0.225 or > 0.325 
	 acceptance rates below lower target of 0.225: 717
	 acceptance rate above upper target of 0.325: 1615
Begin saving restart file(s) at sample (iteration): 200 (1000)
Begin writing restart file
End writing restart file
Status at thinned sample (iteration): 200 (1000)
	 current logPosterior: -2.562e+06 
	 current logLikelihood: -2.55774e+06
	 current stdDevSynthesisRate estimate for selection category 0: 0.644219
	 current stdDevSynthesisRate proposal width: 0.0393216
	 current Mixture element probability for element 0: 1
Acceptance rates for Codon Specific Parameters
Target range: 0.175-0.375 
Adjustment range: < 0.225 or > 0.325 
	AA	Acc.Rat
	A:	0.1
	C:	0.29
	D:	0.27
	E:	0.2
	F:	0.34
	G:	0.22
	H:	0.34
	I:	0.32
	K:	0.27
	L:	0.11
	N:	0.38
	P:	0.2
	Q:	0.3
	R:	0.11
	S:	0.21
	T:	0.24
	V:	0.26
	Y:	0.29
	Z:	0.29
Acceptance rate for synthesis rate:
Target range: 0.225-0.325 
Adjustment range: < 0.225 or > 0.325 
	 acceptance rates below lower target of 0.225: 807
	 acceptance rate above upper target of 0.325: 1129
Begin saving restart file(s) at sample (iteration): 220 (1100)
Begin writing restart file
End writing restart file
Status at thinned sample (iteration): 220 (1100)
	 current logPosterior: -2.56191e+06 
	 current logLikelihood: -2.55777e+06
	 current stdDevSynthesisRate estimate for selection category 0: 0.632033
	 current stdDevSynthesisRate proposal width: 0.0393216
	 current Mixture element probability for element 0: 1
Acceptance rates for Codon Specific Parameters
Target range: 0.175-0.375 
Adjustment range: < 0.225 or > 0.325 
	AA	Acc.Rat
	A:	0.33
	C:	0.31
	D:	0.27
	E:	0.3
	F:	0.43
	G:	0.1
	H:	0.26
	I:	0.22
	K:	0.32
	L:	0.18
	N:	0.31
	P:	0.13
	Q:	0.25
	R:	0.14
	S:	0.28
	T:	0.27
	V:	0.21
	Y:	0.35
	Z:	0.17
Acceptance rate for synthesis rate:
Target range: 0.225-0.325 
Adjustment range: < 0.225 or > 0.325 
	 acceptance rates below lower target of 0.225: 933
	 acceptance rate above upper target of 0.325: 919
Begin saving restart file(s) at sample (iteration): 240 (1200)
Begin writing restart file
End writing restart file
Status at thinned sample (iteration): 240 (1200)
	 current logPosterior: -2.56183e+06 
	 current logLikelihood: -2.55771e+06
	 current stdDevSynthesisRate estimate for selection category 0: 0.607661
	 current stdDevSynthesisRate proposal width: 0.0393216
	 current Mixture element probability for element 0: 1
Acceptance rates for Codon Specific Parameters
Target range: 0.175-0.375 
Adjustment range: < 0.225 or > 0.325 
	AA	Acc.Rat
	A:	0.3
	C:	0.33
	D:	0.27
	E:	0.28
	F:	0.4
	G:	0.32
	H:	0.33
	I:	0.33
	K:	0.24
	L:	0.11
	N:	0.28
	P:	0.29
	Q:	0.24
	R:	0.21
	S:	0.33
	T:	0.14
	V:	0.19
	Y:	0.3
	Z:	0.3
Acceptance rate for synthesis rate:
Target range: 0.225-0.325 
Adjustment range: < 0.225 or > 0.325 
	 acceptance rates below lower target of 0.225: 1041
	 acceptance rate above upper target of 0.325: 757
Begin saving restart file(s) at sample (iteration): 260 (1300)
Begin writing restart file
End writing restart file
Status at thinned sample (iteration): 260 (1300)
	 current logPosterior: -2.56185e+06 
	 current logLikelihood: -2.55779e+06
	 current stdDevSynthesisRate estimate for selection category 0: 0.607786
	 current stdDevSynthesisRate proposal width: 0.0393216
	 current Mixture element probability for element 0: 1
Acceptance rates for Codon Specific Parameters
Target range: 0.175-0.375 
Adjustment range: < 0.225 or > 0.325 
	AA	Acc.Rat
	A:	0.33
	C:	0.45
	D:	0.28
	E:	0.25
	F:	0.35
	G:	0.23
	H:	0.36
	I:	0.23
	K:	0.33
	L:	0.15
	N:	0.27
	P:	0.26
	Q:	0.34
	R:	0.13
	S:	0.19
	T:	0.23
	V:	0.27
	Y:	0.33
	Z:	0.4
Acceptance rate for synthesis rate:
Target range: 0.225-0.325 
Adjustment range: < 0.225 or > 0.325 
	 acceptance rates below lower target of 0.225: 1072
	 acceptance rate above upper target of 0.325: 741
Begin saving restart file(s) at sample (iteration): 280 (1400)
Begin writing restart file
End writing restart file
Status at thinned sample (iteration): 280 (1400)
	 current logPosterior: -2.56193e+06 
	 current logLikelihood: -2.55786e+06
	 current stdDevSynthesisRate estimate for selection category 0: 0.615276
	 current stdDevSynthesisRate proposal width: 0.0393216
	 current Mixture element probability for element 0: 1
Acceptance rates for Codon Specific Parameters
Target range: 0.175-0.375 
Adjustment range: < 0.225 or > 0.325 
	AA	Acc.Rat
	A:	0.15
	C:	0.42
	D:	0.31
	E:	0.29
	F:	0.39
	G:	0.25
	H:	0.46
	I:	0.29
	K:	0.32
	L:	0.2
	N:	0.28
	P:	0.22
	Q:	0.42
	R:	0.23
	S:	0.3
	T:	0.28
	V:	0.27
	Y:	0.41
	Z:	0.32
Acceptance rate for synthesis rate:
Target range: 0.225-0.325 
Adjustment range: < 0.225 or > 0.325 
	 acceptance rates below lower target of 0.225: 977
	 acceptance rate above upper target of 0.325: 814
Begin saving restart file(s) at sample (iteration): 300 (1500)
Begin writing restart file
End writing restart file
Status at thinned sample (iteration): 300 (1500)
	 current logPosterior: -2.56166e+06 
	 current logLikelihood: -2.55768e+06
	 current stdDevSynthesisRate estimate for selection category 0: 0.606599
	 current stdDevSynthesisRate proposal width: 0.0393216
	 current Mixture element probability for element 0: 1
Acceptance rates for Codon Specific Parameters
Target range: 0.175-0.375 
Adjustment range: < 0.225 or > 0.325 
	AA	Acc.Rat
	A:	0.24
	C:	0.33
	D:	0.26
	E:	0.23
	F:	0.35
	G:	0.3
	H:	0.44
	I:	0.38
	K:	0.41
	L:	0.17
	N:	0.23
	P:	0.17
	Q:	0.38
	R:	0.28
	S:	0.37
	T:	0.21
	V:	0.22
	Y:	0.33
	Z:	0.28
Acceptance rate for synthesis rate:
Target range: 0.225-0.325 
Adjustment range: < 0.225 or > 0.325 
	 acceptance rates below lower target of 0.225: 1059
	 acceptance rate above upper target of 0.325: 723
Begin saving restart file(s) at sample (iteration): 320 (1600)
Begin writing restart file
End writing restart file
Status at thinned sample (iteration): 320 (1600)
	 current logPosterior: -2.56172e+06 
	 current logLikelihood: -2.55776e+06
	 current stdDevSynthesisRate estimate for selection category 0: 0.584051
	 current stdDevSynthesisRate proposal width: 0.0471859
	 current Mixture element probability for element 0: 1
Acceptance rates for Codon Specific Parameters
Target range: 0.175-0.375 
Adjustment range: < 0.225 or > 0.325 
	AA	Acc.Rat
	A:	0.21
	C:	0.41
	D:	0.32
	E:	0.27
	F:	0.45
	G:	0.25
	H:	0.39
	I:	0.29
	K:	0.35
	L:	0.2
	N:	0.27
	P:	0.27
	Q:	0.34
	R:	0.22
	S:	0.18
	T:	0.23
	V:	0.23
	Y:	0.42
	Z:	0.42
Acceptance rate for synthesis rate:
Target range: 0.225-0.325 
Adjustment range: < 0.225 or > 0.325 
	 acceptance rates below lower target of 0.225: 1069
	 acceptance rate above upper target of 0.325: 717
Begin saving restart file(s) at sample (iteration): 340 (1700)
Begin writing restart file
End writing restart file
Status at thinned sample (iteration): 340 (1700)
	 current logPosterior: -2.56172e+06 
	 current logLikelihood: -2.55775e+06
	 current stdDevSynthesisRate estimate for selection category 0: 0.589199
	 current stdDevSynthesisRate proposal width: 0.0471859
	 current Mixture element probability for element 0: 1
Acceptance rates for Codon Specific Parameters
Target range: 0.175-0.375 
Adjustment range: < 0.225 or > 0.325 
	AA	Acc.Rat
	A:	0.23
	C:	0.38
	D:	0.27
	E:	0.24
	F:	0.36
	G:	0.28
	H:	0.4
	I:	0.28
	K:	0.3
	L:	0.27
	N:	0.22
	P:	0.29
	Q:	0.36
	R:	0.23
	S:	0.19
	T:	0.24
	V:	0.25
	Y:	0.39
	Z:	0.33
Acceptance rate for synthesis rate:
Target range: 0.225-0.325 
Adjustment range: < 0.225 or > 0.325 
	 acceptance rates below lower target of 0.225: 1048
	 acceptance rate above upper target of 0.325: 748
Begin saving restart file(s) at sample (iteration): 360 (1800)
Begin writing restart file
End writing restart file
Status at thinned sample (iteration): 360 (1800)
	 current logPosterior: -2.56164e+06 
	 current logLikelihood: -2.55769e+06
	 current stdDevSynthesisRate estimate for selection category 0: 0.574372
	 current stdDevSynthesisRate proposal width: 0.0471859
	 current Mixture element probability for element 0: 1
Acceptance rates for Codon Specific Parameters
Target range: 0.175-0.375 
Adjustment range: < 0.225 or > 0.325 
	AA	Acc.Rat
	A:	0.2
	C:	0.54
	D:	0.23
	E:	0.32
	F:	0.43
	G:	0.25
	H:	0.38
	I:	0.28
	K:	0.39
	L:	0.19
	N:	0.23
	P:	0.3
	Q:	0.41
	R:	0.26
	S:	0.25
	T:	0.3
	V:	0.26
	Y:	0.37
	Z:	0.39
Acceptance rate for synthesis rate:
Target range: 0.225-0.325 
Adjustment range: < 0.225 or > 0.325 
	 acceptance rates below lower target of 0.225: 1079
	 acceptance rate above upper target of 0.325: 712
Begin saving restart file(s) at sample (iteration): 380 (1900)
Begin writing restart file
End writing restart file
Status at thinned sample (iteration): 380 (1900)
	 current logPosterior: -2.56163e+06 
	 current logLikelihood: -2.55774e+06
	 current stdDevSynthesisRate estimate for selection category 0: 0.571991
	 current stdDevSynthesisRate proposal width: 0.0471859
	 current Mixture element probability for element 0: 1
Acceptance rates for Codon Specific Parameters
Target range: 0.175-0.375 
Adjustment range: < 0.225 or > 0.325 
	AA	Acc.Rat
	A:	0.26
	C:	0.52
	D:	0.27
	E:	0.29
	F:	0.36
	G:	0.26
	H:	0.32
	I:	0.24
	K:	0.34
	L:	0.2
	N:	0.3
	P:	0.24
	Q:	0.37
	R:	0.25
	S:	0.31
	T:	0.18
	V:	0.17
	Y:	0.44
	Z:	0.4
Acceptance rate for synthesis rate:
Target range: 0.225-0.325 
Adjustment range: < 0.225 or > 0.325 
	 acceptance rates below lower target of 0.225: 1062
	 acceptance rate above upper target of 0.325: 725
Begin saving restart file(s) at sample (iteration): 400 (2000)
Begin writing restart file
End writing restart file
Status at thinned sample (iteration): 400 (2000)
	 current logPosterior: -2.56159e+06 
	 current logLikelihood: -2.55774e+06
	 current stdDevSynthesisRate estimate for selection category 0: 0.587463
	 current stdDevSynthesisRate proposal width: 0.0377487
	 current Mixture element probability for element 0: 1
Acceptance rates for Codon Specific Parameters
Target range: 0.175-0.375 
Adjustment range: < 0.225 or > 0.325 
	AA	Acc.Rat
	A:	0.24
	C:	0.57
	D:	0.3
	E:	0.3
	F:	0.43
	G:	0.37
	H:	0.35
	I:	0.27
	K:	0.44
	L:	0.33
	N:	0.39
	P:	0.18
	Q:	0.37
	R:	0.2
	S:	0.32
	T:	0.31
	V:	0.23
	Y:	0.37
	Z:	0.44
Acceptance rate for synthesis rate:
Target range: 0.225-0.325 
Adjustment range: < 0.225 or > 0.325 
	 acceptance rates below lower target of 0.225: 997
	 acceptance rate above upper target of 0.325: 789
Begin saving restart file(s) at sample (iteration): 420 (2100)
Begin writing restart file
End writing restart file
Status at thinned sample (iteration): 420 (2100)
	 current logPosterior: -2.56155e+06 
	 current logLikelihood: -2.55774e+06
	 current stdDevSynthesisRate estimate for selection category 0: 0.566006
	 current stdDevSynthesisRate proposal width: 0.0377487
	 current Mixture element probability for element 0: 1
Acceptance rates for Codon Specific Parameters
Target range: 0.175-0.375 
Adjustment range: < 0.225 or > 0.325 
	AA	Acc.Rat
	A:	0.25
	C:	0.6
	D:	0.23
	E:	0.21
	F:	0.37
	G:	0.24
	H:	0.41
	I:	0.23
	K:	0.37
	L:	0.25
	N:	0.28
	P:	0.29
	Q:	0.38
	R:	0.19
	S:	0.38
	T:	0.29
	V:	0.22
	Y:	0.43
	Z:	0.36
Acceptance rate for synthesis rate:
Target range: 0.225-0.325 
Adjustment range: < 0.225 or > 0.325 
	 acceptance rates below lower target of 0.225: 966
	 acceptance rate above upper target of 0.325: 798
Begin saving restart file(s) at sample (iteration): 440 (2200)
Begin writing restart file
End writing restart file
Status at thinned sample (iteration): 440 (2200)
	 current logPosterior: -2.56145e+06 
	 current logLikelihood: -2.55762e+06
	 current stdDevSynthesisRate estimate for selection category 0: 0.579331
	 current stdDevSynthesisRate proposal width: 0.0377487
	 current Mixture element probability for element 0: 1
Acceptance rates for Codon Specific Parameters
Target range: 0.175-0.375 
Adjustment range: < 0.225 or > 0.325 
	AA	Acc.Rat
	A:	0.32
	C:	0.45
	D:	0.23
	E:	0.34
	F:	0.45
	G:	0.28
	H:	0.37
	I:	0.24
	K:	0.44
	L:	0.26
	N:	0.34
	P:	0.27
	Q:	0.45
	R:	0.22
	S:	0.19
	T:	0.32
	V:	0.15
	Y:	0.43
	Z:	0.4
Acceptance rate for synthesis rate:
Target range: 0.225-0.325 
Adjustment range: < 0.225 or > 0.325 
	 acceptance rates below lower target of 0.225: 1100
	 acceptance rate above upper target of 0.325: 723
Begin saving restart file(s) at sample (iteration): 460 (2300)
Begin writing restart file
End writing restart file
Status at thinned sample (iteration): 460 (2300)
	 current logPosterior: -2.56151e+06 
	 current logLikelihood: -2.55775e+06
	 current stdDevSynthesisRate estimate for selection category 0: 0.573334
	 current stdDevSynthesisRate proposal width: 0.0452985
	 current Mixture element probability for element 0: 1
Acceptance rates for Codon Specific Parameters
Target range: 0.175-0.375 
Adjustment range: < 0.225 or > 0.325 
	AA	Acc.Rat
	A:	0.16
	C:	0.53
	D:	0.28
	E:	0.42
	F:	0.44
	G:	0.22
	H:	0.42
	I:	0.27
	K:	0.39
	L:	0.19
	N:	0.45
	P:	0.3
	Q:	0.51
	R:	0.13
	S:	0.23
	T:	0.32
	V:	0.22
	Y:	0.52
	Z:	0.47
Acceptance rate for synthesis rate:
Target range: 0.225-0.325 
Adjustment range: < 0.225 or > 0.325 
	 acceptance rates below lower target of 0.225: 951
	 acceptance rate above upper target of 0.325: 780
Begin saving restart file(s) at sample (iteration): 480 (2400)
Begin writing restart file
End writing restart file
Status at thinned sample (iteration): 480 (2400)
	 current logPosterior: -2.56153e+06 
	 current logLikelihood: -2.55777e+06
	 current stdDevSynthesisRate estimate for selection category 0: 0.559591
	 current stdDevSynthesisRate proposal width: 0.0452985
	 current Mixture element probability for element 0: 1
Acceptance rates for Codon Specific Parameters
Target range: 0.175-0.375 
Adjustment range: < 0.225 or > 0.325 
	AA	Acc.Rat
	A:	0.31
	C:	0.35
	D:	0.34
	E:	0.37
	F:	0.37
	G:	0.22
	H:	0.47
	I:	0.26
	K:	0.38
	L:	0.26
	N:	0.29
	P:	0.28
	Q:	0.32
	R:	0.23
	S:	0.28
	T:	0.34
	V:	0.27
	Y:	0.34
	Z:	0.37
Acceptance rate for synthesis rate:
Target range: 0.225-0.325 
Adjustment range: < 0.225 or > 0.325 
	 acceptance rates below lower target of 0.225: 998
	 acceptance rate above upper target of 0.325: 787
Begin saving restart file(s) at sample (iteration): 500 (2500)
Begin writing restart file
End writing restart file
Status at thinned sample (iteration): 500 (2500)
	 current logPosterior: -2.56141e+06 
	 current logLikelihood: -2.5577e+06
	 current stdDevSynthesisRate estimate for selection category 0: 0.566555
	 current stdDevSynthesisRate proposal width: 0.0543582
	 current Mixture element probability for element 0: 1
Acceptance rates for Codon Specific Parameters
Target range: 0.175-0.375 
Adjustment range: < 0.225 or > 0.325 
	AA	Acc.Rat
	A:	0.25
	C:	0.38
	D:	0.29
	E:	0.3
	F:	0.37
	G:	0.21
	H:	0.49
	I:	0.24
	K:	0.47
	L:	0.26
	N:	0.34
	P:	0.33
	Q:	0.33
	R:	0.27
	S:	0.3
	T:	0.36
	V:	0.4
	Y:	0.46
	Z:	0.49
Acceptance rate for synthesis rate:
Target range: 0.225-0.325 
Adjustment range: < 0.225 or > 0.325 
	 acceptance rates below lower target of 0.225: 952
	 acceptance rate above upper target of 0.325: 823
Begin saving restart file(s) at sample (iteration): 520 (2600)
Begin writing restart file
End writing restart file
Status at thinned sample (iteration): 520 (2600)
	 current logPosterior: -2.56147e+06 
	 current logLikelihood: -2.5577e+06
No longer adapting
	 current stdDevSynthesisRate estimate for selection category 0: 0.56837
	 current stdDevSynthesisRate proposal width: 0.0543582
	 current Mixture element probability for element 0: 1
Acceptance rates for Codon Specific Parameters
Target range: 0.175-0.375 
Adjustment range: < 0.225 or > 0.325 
	AA	Acc.Rat
	A:	0.32
	C:	0.45
	D:	0.33
	E:	0.37
	F:	0.44
	G:	0.32
	H:	0.36
	I:	0.32
	K:	0.49
	L:	0.26
	N:	0.35
	P:	0.21
	Q:	0.39
	R:	0.25
	S:	0.24
	T:	0.23
	V:	0.17
	Y:	0.51
	Z:	0.43
Acceptance rate for synthesis rate:
Target range: 0.225-0.325 
Adjustment range: < 0.225 or > 0.325 
	 acceptance rates below lower target of 0.225: 987
	 acceptance rate above upper target of 0.325: 785
Begin saving restart file(s) at sample (iteration): 540 (2700)
Begin writing restart file
End writing restart file
Status at thinned sample (iteration): 540 (2700)
	 current logPosterior: -2.5614e+06 
	 current logLikelihood: -2.55768e+06
No longer adapting
	 current stdDevSynthesisRate estimate for selection category 0: 0.560141
	 current stdDevSynthesisRate proposal width: 0.0543582
	 current Mixture element probability for element 0: 1
Acceptance rates for Codon Specific Parameters
Target range: 0.175-0.375 
Adjustment range: < 0.225 or > 0.325 
	AA	Acc.Rat
	A:	0.31
	C:	0.58
	D:	0.29
	E:	0.24
	F:	0.43
	G:	0.24
	H:	0.35
	I:	0.29
	K:	0.5
	L:	0.24
	N:	0.49
	P:	0.27
	Q:	0.41
	R:	0.29
	S:	0.29
	T:	0.25
	V:	0.17
	Y:	0.48
	Z:	0.49
Acceptance rate for synthesis rate:
Target range: 0.225-0.325 
Adjustment range: < 0.225 or > 0.325 
	 acceptance rates below lower target of 0.225: 1075
	 acceptance rate above upper target of 0.325: 733
Begin saving restart file(s) at sample (iteration): 560 (2800)
Begin writing restart file
End writing restart file
Status at thinned sample (iteration): 560 (2800)
	 current logPosterior: -2.56133e+06 
	 current logLikelihood: -2.55766e+06
No longer adapting
	 current stdDevSynthesisRate estimate for selection category 0: 0.550321
	 current stdDevSynthesisRate proposal width: 0.0543582
	 current Mixture element probability for element 0: 1
Acceptance rates for Codon Specific Parameters
Target range: 0.175-0.375 
Adjustment range: < 0.225 or > 0.325 
	AA	Acc.Rat
	A:	0.38
	C:	0.46
	D:	0.25
	E:	0.36
	F:	0.4
	G:	0.3
	H:	0.4
	I:	0.27
	K:	0.47
	L:	0.17
	N:	0.37
	P:	0.24
	Q:	0.42
	R:	0.18
	S:	0.2
	T:	0.24
	V:	0.13
	Y:	0.43
	Z:	0.45
Acceptance rate for synthesis rate:
Target range: 0.225-0.325 
Adjustment range: < 0.225 or > 0.325 
	 acceptance rates below lower target of 0.225: 1104
	 acceptance rate above upper target of 0.325: 686
Begin saving restart file(s) at sample (iteration): 580 (2900)
Begin writing restart file
End writing restart file
Status at thinned sample (iteration): 580 (2900)
	 current logPosterior: -2.5613e+06 
	 current logLikelihood: -2.55768e+06
No longer adapting
	 current stdDevSynthesisRate estimate for selection category 0: 0.549704
	 current stdDevSynthesisRate proposal width: 0.0543582
	 current Mixture element probability for element 0: 1
Acceptance rates for Codon Specific Parameters
Target range: 0.175-0.375 
Adjustment range: < 0.225 or > 0.325 
	AA	Acc.Rat
	A:	0.36
	C:	0.45
	D:	0.41
	E:	0.42
	F:	0.37
	G:	0.24
	H:	0.35
	I:	0.29
	K:	0.55
	L:	0.29
	N:	0.33
	P:	0.14
	Q:	0.48
	R:	0.27
	S:	0.15
	T:	0.31
	V:	0.21
	Y:	0.44
	Z:	0.44
Acceptance rate for synthesis rate:
Target range: 0.225-0.325 
Adjustment range: < 0.225 or > 0.325 
	 acceptance rates below lower target of 0.225: 1181
	 acceptance rate above upper target of 0.325: 645
Begin saving restart file(s) at sample (iteration): 600 (3000)
Begin writing restart file
End writing restart file
Status at thinned sample (iteration): 600 (3000)
	 current logPosterior: -2.56131e+06 
	 current logLikelihood: -2.5577e+06
No longer adapting
	 current stdDevSynthesisRate estimate for selection category 0: 0.545057
	 current stdDevSynthesisRate proposal width: 0.0543582
	 current Mixture element probability for element 0: 1
Acceptance rates for Codon Specific Parameters
Target range: 0.175-0.375 
Adjustment range: < 0.225 or > 0.325 
	AA	Acc.Rat
	A:	0.27
	C:	0.34
	D:	0.21
	E:	0.38
	F:	0.45
	G:	0.18
	H:	0.4
	I:	0.27
	K:	0.42
	L:	0.19
	N:	0.41
	P:	0.27
	Q:	0.33
	R:	0.14
	S:	0.26
	T:	0.16
	V:	0.17
	Y:	0.4
	Z:	0.51
Acceptance rate for synthesis rate:
Target range: 0.225-0.325 
Adjustment range: < 0.225 or > 0.325 
	 acceptance rates below lower target of 0.225: 1251
	 acceptance rate above upper target of 0.325: 587
Begin saving restart file(s) at sample (iteration): 620 (3100)
Begin writing restart file
End writing restart file
Status at thinned sample (iteration): 620 (3100)
	 current logPosterior: -2.56111e+06 
	 current logLikelihood: -2.5576e+06
No longer adapting
	 current stdDevSynthesisRate estimate for selection category 0: 0.538364
	 current stdDevSynthesisRate proposal width: 0.0543582
	 current Mixture element probability for element 0: 1
Acceptance rates for Codon Specific Parameters
Target range: 0.175-0.375 
Adjustment range: < 0.225 or > 0.325 
	AA	Acc.Rat
	A:	0.42
	C:	0.51
	D:	0.31
	E:	0.36
	F:	0.42
	G:	0.17
	H:	0.34
	I:	0.26
	K:	0.5
	L:	0.21
	N:	0.38
	P:	0.3
	Q:	0.44
	R:	0.24
	S:	0.24
	T:	0.25
	V:	0.15
	Y:	0.39
	Z:	0.42
Acceptance rate for synthesis rate:
Target range: 0.225-0.325 
Adjustment range: < 0.225 or > 0.325 
	 acceptance rates below lower target of 0.225: 1243
	 acceptance rate above upper target of 0.325: 590
Begin saving restart file(s) at sample (iteration): 640 (3200)
Begin writing restart file
End writing restart file
Status at thinned sample (iteration): 640 (3200)
	 current logPosterior: -2.56116e+06 
	 current logLikelihood: -2.55765e+06
No longer adapting
	 current stdDevSynthesisRate estimate for selection category 0: 0.541598
	 current stdDevSynthesisRate proposal width: 0.0543582
	 current Mixture element probability for element 0: 1
Acceptance rates for Codon Specific Parameters
Target range: 0.175-0.375 
Adjustment range: < 0.225 or > 0.325 
	AA	Acc.Rat
	A:	0.39
	C:	0.39
	D:	0.26
	E:	0.31
	F:	0.36
	G:	0.19
	H:	0.35
	I:	0.29
	K:	0.38
	L:	0.21
	N:	0.39
	P:	0.22
	Q:	0.44
	R:	0.24
	S:	0.33
	T:	0.2
	V:	0.31
	Y:	0.45
	Z:	0.44
Acceptance rate for synthesis rate:
Target range: 0.225-0.325 
Adjustment range: < 0.225 or > 0.325 
	 acceptance rates below lower target of 0.225: 1212
	 acceptance rate above upper target of 0.325: 603
Begin saving restart file(s) at sample (iteration): 660 (3300)
Begin writing restart file
End writing restart file
Status at thinned sample (iteration): 660 (3300)
	 current logPosterior: -2.56101e+06 
	 current logLikelihood: -2.55758e+06
No longer adapting
	 current stdDevSynthesisRate estimate for selection category 0: 0.550522
	 current stdDevSynthesisRate proposal width: 0.0543582
	 current Mixture element probability for element 0: 1
Acceptance rates for Codon Specific Parameters
Target range: 0.175-0.375 
Adjustment range: < 0.225 or > 0.325 
	AA	Acc.Rat
	A:	0.32
	C:	0.45
	D:	0.24
	E:	0.36
	F:	0.49
	G:	0.22
	H:	0.42
	I:	0.29
	K:	0.51
	L:	0.25
	N:	0.36
	P:	0.29
	Q:	0.45
	R:	0.26
	S:	0.25
	T:	0.18
	V:	0.25
	Y:	0.41
	Z:	0.42
Acceptance rate for synthesis rate:
Target range: 0.225-0.325 
Adjustment range: < 0.225 or > 0.325 
	 acceptance rates below lower target of 0.225: 1234
	 acceptance rate above upper target of 0.325: 564
Begin saving restart file(s) at sample (iteration): 680 (3400)
Begin writing restart file
End writing restart file
Status at thinned sample (iteration): 680 (3400)
	 current logPosterior: -2.56109e+06 
	 current logLikelihood: -2.55765e+06
No longer adapting
	 current stdDevSynthesisRate estimate for selection category 0: 0.554782
	 current stdDevSynthesisRate proposal width: 0.0543582
	 current Mixture element probability for element 0: 1
Acceptance rates for Codon Specific Parameters
Target range: 0.175-0.375 
Adjustment range: < 0.225 or > 0.325 
	AA	Acc.Rat
	A:	0.35
	C:	0.47
	D:	0.28
	E:	0.34
	F:	0.47
	G:	0.2
	H:	0.4
	I:	0.34
	K:	0.42
	L:	0.27
	N:	0.37
	P:	0.28
	Q:	0.48
	R:	0.26
	S:	0.19
	T:	0.23
	V:	0.21
	Y:	0.44
	Z:	0.42
Acceptance rate for synthesis rate:
Target range: 0.225-0.325 
Adjustment range: < 0.225 or > 0.325 
	 acceptance rates below lower target of 0.225: 1228
	 acceptance rate above upper target of 0.325: 613
Begin saving restart file(s) at sample (iteration): 700 (3500)
Begin writing restart file
End writing restart file
Status at thinned sample (iteration): 700 (3500)
	 current logPosterior: -2.5611e+06 
	 current logLikelihood: -2.55764e+06
No longer adapting
	 current stdDevSynthesisRate estimate for selection category 0: 0.550813
	 current stdDevSynthesisRate proposal width: 0.0543582
	 current Mixture element probability for element 0: 1
Acceptance rates for Codon Specific Parameters
Target range: 0.175-0.375 
Adjustment range: < 0.225 or > 0.325 
	AA	Acc.Rat
	A:	0.34
	C:	0.44
	D:	0.24
	E:	0.38
	F:	0.45
	G:	0.22
	H:	0.28
	I:	0.25
	K:	0.51
	L:	0.2
	N:	0.34
	P:	0.21
	Q:	0.39
	R:	0.26
	S:	0.25
	T:	0.12
	V:	0.17
	Y:	0.5
	Z:	0.44
Acceptance rate for synthesis rate:
Target range: 0.225-0.325 
Adjustment range: < 0.225 or > 0.325 
	 acceptance rates below lower target of 0.225: 1280
	 acceptance rate above upper target of 0.325: 582
Begin saving restart file(s) at sample (iteration): 720 (3600)
Begin writing restart file
End writing restart file
Status at thinned sample (iteration): 720 (3600)
	 current logPosterior: -2.56104e+06 
	 current logLikelihood: -2.55766e+06
No longer adapting
	 current stdDevSynthesisRate estimate for selection category 0: 0.520453
	 current stdDevSynthesisRate proposal width: 0.0543582
	 current Mixture element probability for element 0: 1
Acceptance rates for Codon Specific Parameters
Target range: 0.175-0.375 
Adjustment range: < 0.225 or > 0.325 
	AA	Acc.Rat
	A:	0.26
	C:	0.46
	D:	0.4
	E:	0.31
	F:	0.42
	G:	0.22
	H:	0.43
	I:	0.24
	K:	0.41
	L:	0.2
	N:	0.34
	P:	0.27
	Q:	0.42
	R:	0.25
	S:	0.17
	T:	0.25
	V:	0.23
	Y:	0.5
	Z:	0.44
Acceptance rate for synthesis rate:
Target range: 0.225-0.325 
Adjustment range: < 0.225 or > 0.325 
	 acceptance rates below lower target of 0.225: 1286
	 acceptance rate above upper target of 0.325: 568
Begin saving restart file(s) at sample (iteration): 740 (3700)
Begin writing restart file
End writing restart file
Status at thinned sample (iteration): 740 (3700)
	 current logPosterior: -2.56103e+06 
	 current logLikelihood: -2.55765e+06
No longer adapting
	 current stdDevSynthesisRate estimate for selection category 0: 0.528337
	 current stdDevSynthesisRate proposal width: 0.0543582
	 current Mixture element probability for element 0: 1
Acceptance rates for Codon Specific Parameters
Target range: 0.175-0.375 
Adjustment range: < 0.225 or > 0.325 
	AA	Acc.Rat
	A:	0.35
	C:	0.54
	D:	0.24
	E:	0.31
	F:	0.5
	G:	0.19
	H:	0.43
	I:	0.29
	K:	0.47
	L:	0.26
	N:	0.4
	P:	0.2
	Q:	0.53
	R:	0.21
	S:	0.24
	T:	0.28
	V:	0.18
	Y:	0.47
	Z:	0.41
Acceptance rate for synthesis rate:
Target range: 0.225-0.325 
Adjustment range: < 0.225 or > 0.325 
	 acceptance rates below lower target of 0.225: 1402
	 acceptance rate above upper target of 0.325: 524
Begin saving restart file(s) at sample (iteration): 760 (3800)
Begin writing restart file
End writing restart file
Status at thinned sample (iteration): 760 (3800)
	 current logPosterior: -2.56099e+06 
	 current logLikelihood: -2.55768e+06
No longer adapting
	 current stdDevSynthesisRate estimate for selection category 0: 0.531221
	 current stdDevSynthesisRate proposal width: 0.0543582
	 current Mixture element probability for element 0: 1
Acceptance rates for Codon Specific Parameters
Target range: 0.175-0.375 
Adjustment range: < 0.225 or > 0.325 
	AA	Acc.Rat
	A:	0.35
	C:	0.49
	D:	0.36
	E:	0.38
	F:	0.4
	G:	0.18
	H:	0.32
	I:	0.23
	K:	0.55
	L:	0.28
	N:	0.33
	P:	0.21
	Q:	0.55
	R:	0.23
	S:	0.25
	T:	0.29
	V:	0.27
	Y:	0.44
	Z:	0.45
Acceptance rate for synthesis rate:
Target range: 0.225-0.325 
Adjustment range: < 0.225 or > 0.325 
	 acceptance rates below lower target of 0.225: 1357
	 acceptance rate above upper target of 0.325: 511
Begin saving restart file(s) at sample (iteration): 780 (3900)
Begin writing restart file
End writing restart file
Status at thinned sample (iteration): 780 (3900)
	 current logPosterior: -2.56096e+06 
	 current logLikelihood: -2.55765e+06
No longer adapting
	 current stdDevSynthesisRate estimate for selection category 0: 0.523712
	 current stdDevSynthesisRate proposal width: 0.0543582
	 current Mixture element probability for element 0: 1
Acceptance rates for Codon Specific Parameters
Target range: 0.175-0.375 
Adjustment range: < 0.225 or > 0.325 
	AA	Acc.Rat
	A:	0.36
	C:	0.35
	D:	0.29
	E:	0.23
	F:	0.47
	G:	0.21
	H:	0.36
	I:	0.25
	K:	0.43
	L:	0.18
	N:	0.3
	P:	0.32
	Q:	0.4
	R:	0.27
	S:	0.34
	T:	0.17
	V:	0.17
	Y:	0.46
	Z:	0.48
Acceptance rate for synthesis rate:
Target range: 0.225-0.325 
Adjustment range: < 0.225 or > 0.325 
	 acceptance rates below lower target of 0.225: 1482
	 acceptance rate above upper target of 0.325: 497
Begin saving restart file(s) at sample (iteration): 800 (4000)
Begin writing restart file
End writing restart file
Status at thinned sample (iteration): 800 (4000)
	 current logPosterior: -2.56084e+06 
	 current logLikelihood: -2.55752e+06
No longer adapting
	 current stdDevSynthesisRate estimate for selection category 0: 0.523594
	 current stdDevSynthesisRate proposal width: 0.0543582
	 current Mixture element probability for element 0: 1
Acceptance rates for Codon Specific Parameters
Target range: 0.175-0.375 
Adjustment range: < 0.225 or > 0.325 
	AA	Acc.Rat
	A:	0.35
	C:	0.43
	D:	0.28
	E:	0.38
	F:	0.41
	G:	0.2
	H:	0.35
	I:	0.25
	K:	0.45
	L:	0.27
	N:	0.42
	P:	0.22
	Q:	0.42
	R:	0.23
	S:	0.28
	T:	0.28
	V:	0.24
	Y:	0.37
	Z:	0.42
Acceptance rate for synthesis rate:
Target range: 0.225-0.325 
Adjustment range: < 0.225 or > 0.325 
	 acceptance rates below lower target of 0.225: 1476
	 acceptance rate above upper target of 0.325: 440
Begin saving restart file(s) at sample (iteration): 820 (4100)
Begin writing restart file
End writing restart file
Status at thinned sample (iteration): 820 (4100)
	 current logPosterior: -2.56095e+06 
	 current logLikelihood: -2.55766e+06
No longer adapting
	 current stdDevSynthesisRate estimate for selection category 0: 0.515675
	 current stdDevSynthesisRate proposal width: 0.0543582
	 current Mixture element probability for element 0: 1
Acceptance rates for Codon Specific Parameters
Target range: 0.175-0.375 
Adjustment range: < 0.225 or > 0.325 
	AA	Acc.Rat
	A:	0.32
	C:	0.5
	D:	0.32
	E:	0.32
	F:	0.43
	G:	0.25
	H:	0.34
	I:	0.36
	K:	0.5
	L:	0.23
	N:	0.33
	P:	0.19
	Q:	0.4
	R:	0.24
	S:	0.2
	T:	0.16
	V:	0.17
	Y:	0.54
	Z:	0.43
Acceptance rate for synthesis rate:
Target range: 0.225-0.325 
Adjustment range: < 0.225 or > 0.325 
	 acceptance rates below lower target of 0.225: 1468
	 acceptance rate above upper target of 0.325: 427
Begin saving restart file(s) at sample (iteration): 840 (4200)
Begin writing restart file
End writing restart file
Status at thinned sample (iteration): 840 (4200)
	 current logPosterior: -2.56095e+06 
	 current logLikelihood: -2.55763e+06
No longer adapting
	 current stdDevSynthesisRate estimate for selection category 0: 0.51878
	 current stdDevSynthesisRate proposal width: 0.0543582
	 current Mixture element probability for element 0: 1
Acceptance rates for Codon Specific Parameters
Target range: 0.175-0.375 
Adjustment range: < 0.225 or > 0.325 
	AA	Acc.Rat
	A:	0.31
	C:	0.45
	D:	0.35
	E:	0.34
	F:	0.44
	G:	0.17
	H:	0.36
	I:	0.24
	K:	0.41
	L:	0.14
	N:	0.21
	P:	0.32
	Q:	0.45
	R:	0.19
	S:	0.24
	T:	0.17
	V:	0.22
	Y:	0.45
	Z:	0.35
Acceptance rate for synthesis rate:
Target range: 0.225-0.325 
Adjustment range: < 0.225 or > 0.325 
	 acceptance rates below lower target of 0.225: 1531
	 acceptance rate above upper target of 0.325: 418
Begin saving restart file(s) at sample (iteration): 860 (4300)
Begin writing restart file
End writing restart file
Status at thinned sample (iteration): 860 (4300)
	 current logPosterior: -2.56085e+06 
	 current logLikelihood: -2.55757e+06
No longer adapting
	 current stdDevSynthesisRate estimate for selection category 0: 0.514588
	 current stdDevSynthesisRate proposal width: 0.0543582
	 current Mixture element probability for element 0: 1
Acceptance rates for Codon Specific Parameters
Target range: 0.175-0.375 
Adjustment range: < 0.225 or > 0.325 
	AA	Acc.Rat
	A:	0.42
	C:	0.43
	D:	0.3
	E:	0.29
	F:	0.36
	G:	0.24
	H:	0.29
	I:	0.22
	K:	0.46
	L:	0.28
	N:	0.42
	P:	0.25
	Q:	0.38
	R:	0.32
	S:	0.21
	T:	0.22
	V:	0.18
	Y:	0.32
	Z:	0.51
Acceptance rate for synthesis rate:
Target range: 0.225-0.325 
Adjustment range: < 0.225 or > 0.325 
	 acceptance rates below lower target of 0.225: 1481
	 acceptance rate above upper target of 0.325: 433
Begin saving restart file(s) at sample (iteration): 880 (4400)
Begin writing restart file
End writing restart file
Status at thinned sample (iteration): 880 (4400)
	 current logPosterior: -2.56098e+06 
	 current logLikelihood: -2.55767e+06
No longer adapting
	 current stdDevSynthesisRate estimate for selection category 0: 0.524962
	 current stdDevSynthesisRate proposal width: 0.0543582
	 current Mixture element probability for element 0: 1
Acceptance rates for Codon Specific Parameters
Target range: 0.175-0.375 
Adjustment range: < 0.225 or > 0.325 
	AA	Acc.Rat
	A:	0.33
	C:	0.45
	D:	0.33
	E:	0.33
	F:	0.44
	G:	0.16
	H:	0.43
	I:	0.41
	K:	0.38
	L:	0.17
	N:	0.29
	P:	0.25
	Q:	0.49
	R:	0.2
	S:	0.27
	T:	0.28
	V:	0.32
	Y:	0.36
	Z:	0.42
Acceptance rate for synthesis rate:
Target range: 0.225-0.325 
Adjustment range: < 0.225 or > 0.325 
	 acceptance rates below lower target of 0.225: 1451
	 acceptance rate above upper target of 0.325: 450
Begin saving restart file(s) at sample (iteration): 900 (4500)
Begin writing restart file
End writing restart file
Status at thinned sample (iteration): 900 (4500)
	 current logPosterior: -2.56088e+06 
	 current logLikelihood: -2.55765e+06
No longer adapting
	 current stdDevSynthesisRate estimate for selection category 0: 0.518591
	 current stdDevSynthesisRate proposal width: 0.0543582
	 current Mixture element probability for element 0: 1
Acceptance rates for Codon Specific Parameters
Target range: 0.175-0.375 
Adjustment range: < 0.225 or > 0.325 
	AA	Acc.Rat
	A:	0.37
	C:	0.36
	D:	0.3
	E:	0.33
	F:	0.53
	G:	0.24
	H:	0.41
	I:	0.34
	K:	0.47
	L:	0.24
	N:	0.41
	P:	0.28
	Q:	0.42
	R:	0.27
	S:	0.25
	T:	0.26
	V:	0.25
	Y:	0.5
	Z:	0.44
Acceptance rate for synthesis rate:
Target range: 0.225-0.325 
Adjustment range: < 0.225 or > 0.325 
	 acceptance rates below lower target of 0.225: 1556
	 acceptance rate above upper target of 0.325: 408
Begin saving restart file(s) at sample (iteration): 920 (4600)
Begin writing restart file
End writing restart file
Status at thinned sample (iteration): 920 (4600)
	 current logPosterior: -2.56089e+06 
	 current logLikelihood: -2.55765e+06
No longer adapting
	 current stdDevSynthesisRate estimate for selection category 0: 0.520689
	 current stdDevSynthesisRate proposal width: 0.0543582
	 current Mixture element probability for element 0: 1
Acceptance rates for Codon Specific Parameters
Target range: 0.175-0.375 
Adjustment range: < 0.225 or > 0.325 
	AA	Acc.Rat
	A:	0.24
	C:	0.44
	D:	0.27
	E:	0.34
	F:	0.43
	G:	0.13
	H:	0.42
	I:	0.28
	K:	0.38
	L:	0.2
	N:	0.32
	P:	0.27
	Q:	0.38
	R:	0.15
	S:	0.23
	T:	0.28
	V:	0.21
	Y:	0.46
	Z:	0.52
Acceptance rate for synthesis rate:
Target range: 0.225-0.325 
Adjustment range: < 0.225 or > 0.325 
	 acceptance rates below lower target of 0.225: 1484
	 acceptance rate above upper target of 0.325: 426
Begin saving restart file(s) at sample (iteration): 940 (4700)
Begin writing restart file
End writing restart file
Status at thinned sample (iteration): 940 (4700)
	 current logPosterior: -2.56081e+06 
	 current logLikelihood: -2.55759e+06
No longer adapting
	 current stdDevSynthesisRate estimate for selection category 0: 0.518991
	 current stdDevSynthesisRate proposal width: 0.0543582
	 current Mixture element probability for element 0: 1
Acceptance rates for Codon Specific Parameters
Target range: 0.175-0.375 
Adjustment range: < 0.225 or > 0.325 
	AA	Acc.Rat
	A:	0.32
	C:	0.42
	D:	0.22
	E:	0.36
	F:	0.43
	G:	0.22
	H:	0.5
	I:	0.23
	K:	0.41
	L:	0.23
	N:	0.4
	P:	0.31
	Q:	0.53
	R:	0.24
	S:	0.37
	T:	0.26
	V:	0.16
	Y:	0.37
	Z:	0.34
Acceptance rate for synthesis rate:
Target range: 0.225-0.325 
Adjustment range: < 0.225 or > 0.325 
	 acceptance rates below lower target of 0.225: 1580
	 acceptance rate above upper target of 0.325: 431
Begin saving restart file(s) at sample (iteration): 960 (4800)
Begin writing restart file
End writing restart file
Status at thinned sample (iteration): 960 (4800)
	 current logPosterior: -2.56087e+06 
	 current logLikelihood: -2.55768e+06
No longer adapting
	 current stdDevSynthesisRate estimate for selection category 0: 0.516187
	 current stdDevSynthesisRate proposal width: 0.0543582
	 current Mixture element probability for element 0: 1
Acceptance rates for Codon Specific Parameters
Target range: 0.175-0.375 
Adjustment range: < 0.225 or > 0.325 
	AA	Acc.Rat
	A:	0.36
	C:	0.48
	D:	0.21
	E:	0.42
	F:	0.37
	G:	0.26
	H:	0.43
	I:	0.37
	K:	0.39
	L:	0.24
	N:	0.4
	P:	0.22
	Q:	0.42
	R:	0.15
	S:	0.24
	T:	0.23
	V:	0.22
	Y:	0.48
	Z:	0.48
Acceptance rate for synthesis rate:
Target range: 0.225-0.325 
Adjustment range: < 0.225 or > 0.325 
	 acceptance rates below lower target of 0.225: 1559
	 acceptance rate above upper target of 0.325: 418
Begin saving restart file(s) at sample (iteration): 980 (4900)
Begin writing restart file
End writing restart file
Status at thinned sample (iteration): 980 (4900)
	 current logPosterior: -2.5608e+06 
	 current logLikelihood: -2.55759e+06
No longer adapting
	 current stdDevSynthesisRate estimate for selection category 0: 0.533694
	 current stdDevSynthesisRate proposal width: 0.0543582
	 current Mixture element probability for element 0: 1
Acceptance rates for Codon Specific Parameters
Target range: 0.175-0.375 
Adjustment range: < 0.225 or > 0.325 
	AA	Acc.Rat
	A:	0.3
	C:	0.45
	D:	0.43
	E:	0.36
	F:	0.44
	G:	0.27
	H:	0.39
	I:	0.3
	K:	0.54
	L:	0.21
	N:	0.38
	P:	0.25
	Q:	0.44
	R:	0.27
	S:	0.25
	T:	0.26
	V:	0.25
	Y:	0.46
	Z:	0.49
Acceptance rate for synthesis rate:
Target range: 0.225-0.325 
Adjustment range: < 0.225 or > 0.325 
	 acceptance rates below lower target of 0.225: 1533
	 acceptance rate above upper target of 0.325: 426
Begin saving restart file(s) at sample (iteration): 1000 (5000)
Begin writing restart file
End writing restart file
Status at thinned sample (iteration): 1000 (5000)
	 current logPosterior: -2.56082e+06 
	 current logLikelihood: -2.55764e+06
No longer adapting
	 current stdDevSynthesisRate estimate for selection category 0: 0.516479
	 current stdDevSynthesisRate proposal width: 0.0543582
	 current Mixture element probability for element 0: 1
Acceptance rates for Codon Specific Parameters
Target range: 0.175-0.375 
Adjustment range: < 0.225 or > 0.325 
	AA	Acc.Rat
	A:	0.3
	C:	0.51
	D:	0.32
	E:	0.35
	F:	0.44
	G:	0.26
	H:	0.44
	I:	0.33
	K:	0.38
	L:	0.27
	N:	0.32
	P:	0.19
	Q:	0.46
	R:	0.17
	S:	0.2
	T:	0.33
	V:	0.2
	Y:	0.47
	Z:	0.48
Acceptance rate for synthesis rate:
Target range: 0.225-0.325 
Adjustment range: < 0.225 or > 0.325 
	 acceptance rates below lower target of 0.225: 1634
	 acceptance rate above upper target of 0.325: 427
##################################################
Geweke Score after 5000 iterations: 0.641818
##################################################
Stopping run based on convergence after 5000 iterations

Begin writing restart file
End writing restart file
leaving MCMC loop
Error in loadNamespace(x) : there is no package called ‘Hmisc’
Calls: plot ... loadNamespace -> withRestarts -> withOneRestart -> doWithOneRestart
In addition: There were 16 warnings (use warnings() to see them)
Execution halted
